{"/home/travis/build/npmtest/node-npmtest-humanize/test.js":{"path":"/home/travis/build/npmtest/node-npmtest-humanize/test.js","s":{"1":2,"2":2,"3":2,"4":2,"5":2,"6":2,"7":2,"8":1,"9":2,"10":2,"11":1,"12":1,"13":1,"14":1,"15":2,"16":2,"17":2,"18":2,"19":1,"20":1,"21":2,"22":2,"23":2,"24":1,"25":1,"26":1,"27":1,"28":1,"29":1,"30":1,"31":1,"32":1,"33":1,"34":1,"35":1,"36":1,"37":1,"38":1,"39":2,"40":2,"41":1,"42":2,"43":2,"44":1,"45":2,"46":2,"47":1,"48":2,"49":2,"50":1,"51":1,"52":1,"53":1,"54":1},"b":{"1":[2,1,1,1],"2":[1,1,1,1],"3":[1,1],"4":[1,1],"5":[1,1],"6":[1,1],"7":[1,1],"8":[1,1],"9":[1,1],"10":[1,1,1],"11":[1,1],"12":[1,1],"13":[1,1],"14":[1,1],"15":[1,1],"16":[1,1],"17":[1,1]},"f":{"1":2,"2":2,"3":2,"4":2,"5":2,"6":1,"7":1,"8":1,"9":2,"10":2,"11":2,"12":2,"13":1},"fnMap":{"1":{"name":"(anonymous_1)","line":12,"loc":{"start":{"line":12,"column":1},"end":{"line":12,"column":13}}},"2":{"name":"(anonymous_2)","line":19,"loc":{"start":{"line":19,"column":5},"end":{"line":19,"column":17}}},"3":{"name":"(anonymous_3)","line":23,"loc":{"start":{"line":23,"column":24},"end":{"line":23,"column":36}}},"4":{"name":"(anonymous_4)","line":61,"loc":{"start":{"line":61,"column":5},"end":{"line":61,"column":17}}},"5":{"name":"(anonymous_5)","line":82,"loc":{"start":{"line":82,"column":5},"end":{"line":82,"column":17}}},"6":{"name":"(anonymous_6)","line":91,"loc":{"start":{"line":91,"column":77},"end":{"line":94,"column":10}}},"7":{"name":"(anonymous_7)","line":112,"loc":{"start":{"line":112,"column":83},"end":{"line":115,"column":10}},"skip":true},"8":{"name":"(anonymous_8)","line":123,"loc":{"start":{"line":123,"column":77},"end":{"line":126,"column":10}},"skip":true},"9":{"name":"(anonymous_9)","line":139,"loc":{"start":{"line":139,"column":12},"end":{"line":139,"column":40}},"skip":true},"10":{"name":"(anonymous_10)","line":147,"loc":{"start":{"line":147,"column":77},"end":{"line":150,"column":10}},"skip":true},"11":{"name":"(anonymous_11)","line":158,"loc":{"start":{"line":158,"column":83},"end":{"line":161,"column":10}},"skip":true},"12":{"name":"(anonymous_12)","line":169,"loc":{"start":{"line":169,"column":79},"end":{"line":172,"column":10}},"skip":true},"13":{"name":"(anonymous_13)","line":180,"loc":{"start":{"line":180,"column":75},"end":{"line":183,"column":10}},"skip":true}},"statementMap":{"1":{"start":{"line":12,"column":0},"end":{"line":195,"column":5}},"2":{"start":{"line":14,"column":4},"end":{"line":14,"column":14}},"3":{"start":{"line":19,"column":4},"end":{"line":56,"column":9}},"4":{"start":{"line":21,"column":8},"end":{"line":21,"column":19}},"5":{"start":{"line":23,"column":8},"end":{"line":35,"column":13}},"6":{"start":{"line":24,"column":12},"end":{"line":34,"column":13}},"7":{"start":{"line":25,"column":16},"end":{"line":28,"column":30}},"8":{"start":{"line":30,"column":16},"end":{"line":33,"column":27}},"9":{"start":{"line":37,"column":8},"end":{"line":39,"column":21}},"10":{"start":{"line":40,"column":8},"end":{"line":53,"column":9}},"11":{"start":{"line":43,"column":12},"end":{"line":46,"column":14}},"12":{"start":{"line":47,"column":12},"end":{"line":47,"column":18}},"13":{"start":{"line":50,"column":12},"end":{"line":51,"column":46}},"14":{"start":{"line":52,"column":12},"end":{"line":52,"column":18}},"15":{"start":{"line":55,"column":8},"end":{"line":55,"column":35}},"16":{"start":{"line":61,"column":4},"end":{"line":63,"column":9}},"17":{"start":{"line":62,"column":8},"end":{"line":62,"column":15}},"18":{"start":{"line":64,"column":4},"end":{"line":77,"column":5}},"19":{"start":{"line":70,"column":8},"end":{"line":70,"column":14}},"20":{"start":{"line":76,"column":8},"end":{"line":76,"column":14}},"21":{"start":{"line":82,"column":4},"end":{"line":84,"column":9}},"22":{"start":{"line":83,"column":8},"end":{"line":83,"column":15}},"23":{"start":{"line":85,"column":4},"end":{"line":194,"column":5}},"24":{"start":{"line":91,"column":8},"end":{"line":99,"column":10}},"25":{"start":{"line":98,"column":12},"end":{"line":98,"column":35}},"26":{"start":{"line":102,"column":8},"end":{"line":104,"column":63}},"27":{"start":{"line":105,"column":8},"end":{"line":105,"column":14}},"28":{"start":{"line":112,"column":8},"end":{"line":121,"column":10},"skip":true},"29":{"start":{"line":119,"column":12},"end":{"line":119,"column":55},"skip":true},"30":{"start":{"line":120,"column":12},"end":{"line":120,"column":48},"skip":true},"31":{"start":{"line":123,"column":8},"end":{"line":136,"column":10},"skip":true},"32":{"start":{"line":130,"column":12},"end":{"line":130,"column":76},"skip":true},"33":{"start":{"line":131,"column":12},"end":{"line":131,"column":73},"skip":true},"34":{"start":{"line":132,"column":12},"end":{"line":132,"column":74},"skip":true},"35":{"start":{"line":133,"column":12},"end":{"line":133,"column":79},"skip":true},"36":{"start":{"line":134,"column":12},"end":{"line":134,"column":25},"skip":true},"37":{"start":{"line":135,"column":12},"end":{"line":135,"column":45},"skip":true},"38":{"start":{"line":138,"column":8},"end":{"line":145,"column":14},"skip":true},"39":{"start":{"line":143,"column":16},"end":{"line":143,"column":29},"skip":true},"40":{"start":{"line":144,"column":16},"end":{"line":144,"column":55},"skip":true},"41":{"start":{"line":147,"column":8},"end":{"line":156,"column":10},"skip":true},"42":{"start":{"line":154,"column":12},"end":{"line":154,"column":25},"skip":true},"43":{"start":{"line":155,"column":12},"end":{"line":155,"column":45},"skip":true},"44":{"start":{"line":158,"column":8},"end":{"line":167,"column":10},"skip":true},"45":{"start":{"line":165,"column":12},"end":{"line":165,"column":25},"skip":true},"46":{"start":{"line":166,"column":12},"end":{"line":166,"column":48},"skip":true},"47":{"start":{"line":169,"column":8},"end":{"line":178,"column":10},"skip":true},"48":{"start":{"line":176,"column":12},"end":{"line":176,"column":25},"skip":true},"49":{"start":{"line":177,"column":12},"end":{"line":177,"column":46},"skip":true},"50":{"start":{"line":180,"column":8},"end":{"line":189,"column":10},"skip":true},"51":{"start":{"line":187,"column":12},"end":{"line":187,"column":94},"skip":true},"52":{"start":{"line":188,"column":12},"end":{"line":188,"column":48},"skip":true},"53":{"start":{"line":192,"column":8},"end":{"line":192,"column":35},"skip":true},"54":{"start":{"line":193,"column":8},"end":{"line":193,"column":14},"skip":true}},"branchMap":{"1":{"line":25,"type":"binary-expr","locations":[{"start":{"line":25,"column":23},"end":{"line":25,"column":62}},{"start":{"line":26,"column":20},"end":{"line":26,"column":70}},{"start":{"line":27,"column":20},"end":{"line":27,"column":71}},{"start":{"line":28,"column":20},"end":{"line":28,"column":29}}]},"2":{"line":30,"type":"binary-expr","locations":[{"start":{"line":30,"column":23},"end":{"line":30,"column":37}},{"start":{"line":31,"column":20},"end":{"line":31,"column":61}},{"start":{"line":32,"column":20},"end":{"line":32,"column":70}},{"start":{"line":33,"column":20},"end":{"line":33,"column":26}}]},"3":{"line":37,"type":"cond-expr","locations":[{"start":{"line":38,"column":14},"end":{"line":38,"column":20}},{"start":{"line":39,"column":14},"end":{"line":39,"column":20}}]},"4":{"line":40,"type":"switch","locations":[{"start":{"line":42,"column":8},"end":{"line":47,"column":18}},{"start":{"line":49,"column":8},"end":{"line":52,"column":18}}]},"5":{"line":44,"type":"binary-expr","locations":[{"start":{"line":44,"column":16},"end":{"line":44,"column":44}},{"start":{"line":44,"column":48},"end":{"line":44,"column":66}}]},"6":{"line":50,"type":"binary-expr","locations":[{"start":{"line":50,"column":21},"end":{"line":50,"column":49}},{"start":{"line":50,"column":53},"end":{"line":50,"column":72}}]},"7":{"line":64,"type":"switch","locations":[{"start":{"line":69,"column":4},"end":{"line":70,"column":14}},{"start":{"line":75,"column":4},"end":{"line":76,"column":14}}]},"8":{"line":85,"type":"switch","locations":[{"start":{"line":90,"column":4},"end":{"line":105,"column":14}},{"start":{"line":111,"column":4},"end":{"line":193,"column":14},"skip":true}]},"9":{"line":91,"type":"binary-expr","locations":[{"start":{"line":91,"column":42},"end":{"line":91,"column":73}},{"start":{"line":91,"column":77},"end":{"line":99,"column":9}}]},"10":{"line":102,"type":"binary-expr","locations":[{"start":{"line":102,"column":18},"end":{"line":102,"column":32}},{"start":{"line":103,"column":12},"end":{"line":103,"column":53}},{"start":{"line":104,"column":12},"end":{"line":104,"column":61}}]},"11":{"line":112,"type":"binary-expr","locations":[{"start":{"line":112,"column":45},"end":{"line":112,"column":79},"skip":true},{"start":{"line":112,"column":83},"end":{"line":121,"column":9},"skip":true}]},"12":{"line":123,"type":"binary-expr","locations":[{"start":{"line":123,"column":42},"end":{"line":123,"column":73},"skip":true},{"start":{"line":123,"column":77},"end":{"line":136,"column":9},"skip":true}]},"13":{"line":138,"type":"binary-expr","locations":[{"start":{"line":138,"column":48},"end":{"line":138,"column":85},"skip":true},{"start":{"line":139,"column":12},"end":{"line":145,"column":13},"skip":true}]},"14":{"line":147,"type":"binary-expr","locations":[{"start":{"line":147,"column":42},"end":{"line":147,"column":73},"skip":true},{"start":{"line":147,"column":77},"end":{"line":156,"column":9},"skip":true}]},"15":{"line":158,"type":"binary-expr","locations":[{"start":{"line":158,"column":45},"end":{"line":158,"column":79},"skip":true},{"start":{"line":158,"column":83},"end":{"line":167,"column":9},"skip":true}]},"16":{"line":169,"type":"binary-expr","locations":[{"start":{"line":169,"column":43},"end":{"line":169,"column":75},"skip":true},{"start":{"line":169,"column":79},"end":{"line":178,"column":9},"skip":true}]},"17":{"line":180,"type":"binary-expr","locations":[{"start":{"line":180,"column":41},"end":{"line":180,"column":71},"skip":true},{"start":{"line":180,"column":75},"end":{"line":189,"column":9},"skip":true}]}},"code":["/* istanbul instrument in package npmtest_humanize */","/*jslint","    bitwise: true,","    browser: true,","    maxerr: 8,","    maxlen: 96,","    node: true,","    nomen: true,","    regexp: true,","    stupid: true","*/","(function () {","    'use strict';","    var local;","","","","    // run shared js-env code - pre-init","    (function () {","        // init local","        local = {};","        // init modeJs","        local.modeJs = (function () {","            try {","                return typeof navigator.userAgent === 'string' &&","                    typeof document.querySelector('body') === 'object' &&","                    typeof XMLHttpRequest.prototype.open === 'function' &&","                    'browser';","            } catch (errorCaughtBrowser) {","                return module.exports &&","                    typeof process.versions.node === 'string' &&","                    typeof require('http').createServer === 'function' &&","                    'node';","            }","        }());","        // init global","        local.global = local.modeJs === 'browser'","            ? window","            : global;","        switch (local.modeJs) {","        // re-init local from window.local","        case 'browser':","            local = local.global.utility2.objectSetDefault(","                local.global.utility2_rollup || local.global.local,","                local.global.utility2","            );","            break;","        // re-init local from example.js","        case 'node':","            local = (local.global.utility2_rollup || require('utility2'))","                .requireExampleJsFromReadme();","            break;","        }","        // export local","        local.global.local = local;","    }());","","","","    // run shared js-env code - function","    (function () {","        return;","    }());","    switch (local.modeJs) {","","","","    // run browser js-env code - function","    case 'browser':","        break;","","","","    // run node js-env code - function","    case 'node':","        break;","    }","","","","    // run shared js-env code - post-init","    (function () {","        return;","    }());","    switch (local.modeJs) {","","","","    // run browser js-env code - post-init","    case 'browser':","        local.testCase_browser_nullCase = local.testCase_browser_nullCase || function (","            options,","            onError","        ) {","        /*","         * this function will test browsers's null-case handling-behavior-behavior","         */","            onError(null, options);","        };","","        // run tests","        local.nop(local.modeTest &&","            document.querySelector('#testRunButton1') &&","            document.querySelector('#testRunButton1').click());","        break;","","","","    // run node js-env code - post-init","    /* istanbul ignore next */","    case 'node':","        local.testCase_buildApidoc_default = local.testCase_buildApidoc_default || function (","            options,","            onError","        ) {","        /*","         * this function will test buildApidoc's default handling-behavior-behavior","         */","            options = { modulePathList: module.paths };","            local.buildApidoc(options, onError);","        };","","        local.testCase_buildApp_default = local.testCase_buildApp_default || function (","            options,","            onError","        ) {","        /*","         * this function will test buildApp's default handling-behavior-behavior","         */","            local.testCase_buildReadme_default(options, local.onErrorThrow);","            local.testCase_buildLib_default(options, local.onErrorThrow);","            local.testCase_buildTest_default(options, local.onErrorThrow);","            local.testCase_buildCustomOrg_default(options, local.onErrorThrow);","            options = [];","            local.buildApp(options, onError);","        };","","        local.testCase_buildCustomOrg_default = local.testCase_buildCustomOrg_default ||","            function (options, onError) {","            /*","             * this function will test buildCustomOrg's default handling-behavior","             */","                options = {};","                local.buildCustomOrg(options, onError);","            };","","        local.testCase_buildLib_default = local.testCase_buildLib_default || function (","            options,","            onError","        ) {","        /*","         * this function will test buildLib's default handling-behavior","         */","            options = {};","            local.buildLib(options, onError);","        };","","        local.testCase_buildReadme_default = local.testCase_buildReadme_default || function (","            options,","            onError","        ) {","        /*","         * this function will test buildReadme's default handling-behavior-behavior","         */","            options = {};","            local.buildReadme(options, onError);","        };","","        local.testCase_buildTest_default = local.testCase_buildTest_default || function (","            options,","            onError","        ) {","        /*","         * this function will test buildTest's default handling-behavior","         */","            options = {};","            local.buildTest(options, onError);","        };","","        local.testCase_webpage_default = local.testCase_webpage_default || function (","            options,","            onError","        ) {","        /*","         * this function will test webpage's default handling-behavior","         */","            options = { modeCoverageMerge: true, url: local.serverLocalHost + '?modeTest=1' };","            local.browserTest(options, onError);","        };","","        // run test-server","        local.testRunServer(local);","        break;","    }","}());",""],"l":{"12":2,"14":2,"19":2,"21":2,"23":2,"24":2,"25":2,"30":1,"37":2,"40":2,"43":1,"47":1,"50":1,"52":1,"55":2,"61":2,"62":2,"64":2,"70":1,"76":1,"82":2,"83":2,"85":2,"91":1,"98":1,"102":1,"105":1,"112":1,"119":1,"120":1,"123":1,"130":1,"131":1,"132":1,"133":1,"134":1,"135":1,"138":1,"143":2,"144":2,"147":1,"154":2,"155":2,"158":1,"165":2,"166":2,"169":1,"176":2,"177":2,"180":1,"187":1,"188":1,"192":1,"193":1}},"/home/travis/build/npmtest/node-npmtest-humanize/lib.npmtest_humanize.js":{"path":"/home/travis/build/npmtest/node-npmtest-humanize/lib.npmtest_humanize.js","s":{"1":2,"2":2,"3":2,"4":2,"5":2,"6":2,"7":2,"8":1,"9":2,"10":2,"11":2,"12":2,"13":1,"14":1,"15":1,"16":1},"b":{"1":[2,1,1,1],"2":[1,1,1,1],"3":[1,1],"4":[2,2],"5":[1,1]},"f":{"1":2,"2":2,"3":2},"fnMap":{"1":{"name":"(anonymous_1)","line":12,"loc":{"start":{"line":12,"column":1},"end":{"line":12,"column":13}}},"2":{"name":"(anonymous_2)","line":19,"loc":{"start":{"line":19,"column":5},"end":{"line":19,"column":17}}},"3":{"name":"(anonymous_3)","line":23,"loc":{"start":{"line":23,"column":24},"end":{"line":23,"column":36}}}},"statementMap":{"1":{"start":{"line":12,"column":0},"end":{"line":53,"column":5}},"2":{"start":{"line":14,"column":4},"end":{"line":14,"column":14}},"3":{"start":{"line":19,"column":4},"end":{"line":52,"column":9}},"4":{"start":{"line":21,"column":8},"end":{"line":21,"column":19}},"5":{"start":{"line":23,"column":8},"end":{"line":35,"column":13}},"6":{"start":{"line":24,"column":12},"end":{"line":34,"column":13}},"7":{"start":{"line":25,"column":16},"end":{"line":28,"column":30}},"8":{"start":{"line":30,"column":16},"end":{"line":33,"column":27}},"9":{"start":{"line":37,"column":8},"end":{"line":39,"column":21}},"10":{"start":{"line":41,"column":8},"end":{"line":41,"column":54}},"11":{"start":{"line":43,"column":8},"end":{"line":43,"column":53}},"12":{"start":{"line":45,"column":8},"end":{"line":51,"column":9}},"13":{"start":{"line":46,"column":12},"end":{"line":46,"column":59}},"14":{"start":{"line":48,"column":12},"end":{"line":48,"column":35}},"15":{"start":{"line":49,"column":12},"end":{"line":49,"column":49}},"16":{"start":{"line":50,"column":12},"end":{"line":50,"column":43}}},"branchMap":{"1":{"line":25,"type":"binary-expr","locations":[{"start":{"line":25,"column":23},"end":{"line":25,"column":62}},{"start":{"line":26,"column":20},"end":{"line":26,"column":70}},{"start":{"line":27,"column":20},"end":{"line":27,"column":71}},{"start":{"line":28,"column":20},"end":{"line":28,"column":29}}]},"2":{"line":30,"type":"binary-expr","locations":[{"start":{"line":30,"column":23},"end":{"line":30,"column":37}},{"start":{"line":31,"column":20},"end":{"line":31,"column":61}},{"start":{"line":32,"column":20},"end":{"line":32,"column":70}},{"start":{"line":33,"column":20},"end":{"line":33,"column":26}}]},"3":{"line":37,"type":"cond-expr","locations":[{"start":{"line":38,"column":14},"end":{"line":38,"column":20}},{"start":{"line":39,"column":14},"end":{"line":39,"column":20}}]},"4":{"line":41,"type":"binary-expr","locations":[{"start":{"line":41,"column":16},"end":{"line":41,"column":44}},{"start":{"line":41,"column":48},"end":{"line":41,"column":53}}]},"5":{"line":45,"type":"if","locations":[{"start":{"line":45,"column":8},"end":{"line":45,"column":8}},{"start":{"line":45,"column":8},"end":{"line":45,"column":8}}]}},"code":["/* istanbul instrument in package npmtest_humanize */","/*jslint","    bitwise: true,","    browser: true,","    maxerr: 8,","    maxlen: 96,","    node: true,","    nomen: true,","    regexp: true,","    stupid: true","*/","(function () {","    'use strict';","    var local;","","","","    // run shared js-env code - pre-init","    (function () {","        // init local","        local = {};","        // init modeJs","        local.modeJs = (function () {","            try {","                return typeof navigator.userAgent === 'string' &&","                    typeof document.querySelector('body') === 'object' &&","                    typeof XMLHttpRequest.prototype.open === 'function' &&","                    'browser';","            } catch (errorCaughtBrowser) {","                return module.exports &&","                    typeof process.versions.node === 'string' &&","                    typeof require('http').createServer === 'function' &&","                    'node';","            }","        }());","        // init global","        local.global = local.modeJs === 'browser'","            ? window","            : global;","        // init utility2_rollup","        local = local.global.utility2_rollup || local;","        // init lib","        local.local = local.npmtest_humanize = local;","        // init exports","        if (local.modeJs === 'browser') {","            local.global.utility2_npmtest_humanize = local;","        } else {","            module.exports = local;","            module.exports.__dirname = __dirname;","            module.exports.module = module;","        }","    }());","}());",""],"l":{"12":2,"14":2,"19":2,"21":2,"23":2,"24":2,"25":2,"30":1,"37":2,"41":2,"43":2,"45":2,"46":1,"48":1,"49":1,"50":1}},"/home/travis/build/npmtest/node-npmtest-humanize/example.js":{"path":"/home/travis/build/npmtest/node-npmtest-humanize/example.js","s":{"1":2,"2":2,"3":2,"4":2,"5":2,"6":2,"7":2,"8":1,"9":2,"10":2,"11":2,"12":2,"13":1,"14":2,"15":2,"16":2,"17":2,"18":2,"19":0,"20":2,"21":1,"22":1,"23":1,"24":1,"25":1,"26":0,"27":0,"28":1,"29":1,"30":2,"31":0,"32":0,"33":0,"34":1,"35":2,"36":2,"37":3,"38":3,"39":3,"40":3,"41":0,"42":3,"43":3,"44":3,"45":1,"46":3,"47":1,"48":1,"49":1,"50":1,"51":1,"52":1,"53":1,"54":1,"55":1,"56":1,"57":0,"58":1,"59":6,"60":6,"61":1,"62":2,"63":0,"64":2,"65":1,"66":1,"67":0,"68":0,"69":0,"70":0,"71":0,"72":0,"73":0,"74":0,"75":0,"76":0,"77":0,"78":0,"79":0,"80":0,"81":0,"82":0,"83":0},"b":{"1":[2,1,1,1],"2":[1,1,1,1],"3":[1,1],"4":[2,2],"5":[1,1],"6":[1,1],"7":[2,0],"8":[2,1,1,1,1,1],"9":[0,2,0],"10":[1,1],"11":[2,1,1],"12":[1,0],"13":[0,2],"14":[2,0,0,0,0,0,0],"15":[0,3],"16":[3,0],"17":[1,1],"18":[0,1],"19":[1,2,0,2],"20":[1,0],"21":[1,1],"22":[0,0],"23":[0,0],"24":[0,0],"25":[0,0],"26":[0,0],"27":[0,0],"28":[0,0]},"f":{"1":2,"2":2,"3":2,"4":2,"5":2,"6":2,"7":3,"8":3,"9":3,"10":1,"11":6,"12":0},"fnMap":{"1":{"name":"(anonymous_1)","line":26,"loc":{"start":{"line":26,"column":1},"end":{"line":26,"column":13}}},"2":{"name":"(anonymous_2)","line":33,"loc":{"start":{"line":33,"column":5},"end":{"line":33,"column":17}}},"3":{"name":"(anonymous_3)","line":37,"loc":{"start":{"line":37,"column":24},"end":{"line":37,"column":36}}},"4":{"name":"(anonymous_4)","line":69,"loc":{"start":{"line":69,"column":31},"end":{"line":69,"column":48}},"skip":true},"5":{"name":"(anonymous_5)","line":78,"loc":{"start":{"line":78,"column":26},"end":{"line":78,"column":45}},"skip":true},"6":{"name":"(anonymous_6)","line":123,"loc":{"start":{"line":123,"column":33},"end":{"line":123,"column":48}},"skip":true},"7":{"name":"(anonymous_7)","line":125,"loc":{"start":{"line":125,"column":27},"end":{"line":125,"column":39}},"skip":true},"8":{"name":"(anonymous_8)","line":133,"loc":{"start":{"line":133,"column":59},"end":{"line":133,"column":74}},"skip":true},"9":{"name":"(anonymous_9)","line":143,"loc":{"start":{"line":143,"column":45},"end":{"line":143,"column":62}},"skip":true},"10":{"name":"(anonymous_10)","line":144,"loc":{"start":{"line":144,"column":73},"end":{"line":144,"column":92}},"skip":true},"11":{"name":"(anonymous_11)","line":272,"loc":{"start":{"line":272,"column":51},"end":{"line":272,"column":77}},"skip":true},"12":{"name":"(anonymous_12)","line":315,"loc":{"start":{"line":315,"column":32},"end":{"line":315,"column":61}},"skip":true}},"statementMap":{"1":{"start":{"line":26,"column":0},"end":{"line":326,"column":5}},"2":{"start":{"line":28,"column":4},"end":{"line":28,"column":14}},"3":{"start":{"line":33,"column":4},"end":{"line":60,"column":9}},"4":{"start":{"line":35,"column":8},"end":{"line":35,"column":19}},"5":{"start":{"line":37,"column":8},"end":{"line":49,"column":13}},"6":{"start":{"line":38,"column":12},"end":{"line":48,"column":13}},"7":{"start":{"line":39,"column":16},"end":{"line":42,"column":30}},"8":{"start":{"line":44,"column":16},"end":{"line":47,"column":27}},"9":{"start":{"line":51,"column":8},"end":{"line":53,"column":21}},"10":{"start":{"line":55,"column":8},"end":{"line":57,"column":45}},"11":{"start":{"line":59,"column":8},"end":{"line":59,"column":35}},"12":{"start":{"line":61,"column":4},"end":{"line":325,"column":5}},"13":{"start":{"line":69,"column":8},"end":{"line":121,"column":10},"skip":true},"14":{"start":{"line":70,"column":12},"end":{"line":88,"column":13},"skip":true},"15":{"start":{"line":76,"column":16},"end":{"line":87,"column":19},"skip":true},"16":{"start":{"line":79,"column":20},"end":{"line":86,"column":21},"skip":true},"17":{"start":{"line":82,"column":24},"end":{"line":82,"column":43},"skip":true},"18":{"start":{"line":83,"column":24},"end":{"line":83,"column":30},"skip":true},"19":{"start":{"line":85,"column":24},"end":{"line":85,"column":49},"skip":true},"20":{"start":{"line":89,"column":12},"end":{"line":107,"column":13},"skip":true},"21":{"start":{"line":92,"column":16},"end":{"line":102,"column":17},"skip":true},"22":{"start":{"line":93,"column":20},"end":{"line":93,"column":86},"skip":true},"23":{"start":{"line":94,"column":20},"end":{"line":95,"column":45},"skip":true},"24":{"start":{"line":96,"column":20},"end":{"line":96,"column":42},"skip":true},"25":{"start":{"line":97,"column":20},"end":{"line":97,"column":48},"skip":true},"26":{"start":{"line":100,"column":20},"end":{"line":100,"column":85},"skip":true},"27":{"start":{"line":101,"column":20},"end":{"line":101,"column":96},"skip":true},"28":{"start":{"line":103,"column":16},"end":{"line":103,"column":22},"skip":true},"29":{"start":{"line":106,"column":16},"end":{"line":106,"column":22},"skip":true},"30":{"start":{"line":108,"column":12},"end":{"line":120,"column":13},"skip":true},"31":{"start":{"line":114,"column":16},"end":{"line":119,"column":17},"skip":true},"32":{"start":{"line":116,"column":20},"end":{"line":116,"column":78},"skip":true},"33":{"start":{"line":118,"column":20},"end":{"line":118,"column":47},"skip":true},"34":{"start":{"line":123,"column":8},"end":{"line":141,"column":11},"skip":true},"35":{"start":{"line":124,"column":12},"end":{"line":124,"column":54},"skip":true},"36":{"start":{"line":125,"column":12},"end":{"line":140,"column":14},"skip":true},"37":{"start":{"line":126,"column":16},"end":{"line":126,"column":28},"skip":true},"38":{"start":{"line":127,"column":16},"end":{"line":127,"column":69},"skip":true},"39":{"start":{"line":128,"column":16},"end":{"line":128,"column":75},"skip":true},"40":{"start":{"line":129,"column":16},"end":{"line":131,"column":17},"skip":true},"41":{"start":{"line":130,"column":20},"end":{"line":130,"column":27},"skip":true},"42":{"start":{"line":133,"column":16},"end":{"line":137,"column":36},"skip":true},"43":{"start":{"line":134,"column":20},"end":{"line":136,"column":55},"skip":true},"44":{"start":{"line":139,"column":16},"end":{"line":139,"column":57},"skip":true},"45":{"start":{"line":143,"column":8},"end":{"line":147,"column":11},"skip":true},"46":{"start":{"line":144,"column":12},"end":{"line":146,"column":15},"skip":true},"47":{"start":{"line":145,"column":16},"end":{"line":145,"column":70},"skip":true},"48":{"start":{"line":149,"column":8},"end":{"line":149,"column":31},"skip":true},"49":{"start":{"line":150,"column":8},"end":{"line":150,"column":14},"skip":true},"50":{"start":{"line":158,"column":8},"end":{"line":158,"column":31},"skip":true},"51":{"start":{"line":160,"column":8},"end":{"line":160,"column":33},"skip":true},"52":{"start":{"line":161,"column":8},"end":{"line":161,"column":37},"skip":true},"53":{"start":{"line":162,"column":8},"end":{"line":162,"column":35},"skip":true},"54":{"start":{"line":164,"column":8},"end":{"line":164,"column":50},"skip":true},"55":{"start":{"line":166,"column":8},"end":{"line":256,"column":2},"skip":true},"56":{"start":{"line":258,"column":8},"end":{"line":286,"column":9},"skip":true},"57":{"start":{"line":259,"column":12},"end":{"line":269,"column":14},"skip":true},"58":{"start":{"line":271,"column":12},"end":{"line":285,"column":19},"skip":true},"59":{"start":{"line":274,"column":20},"end":{"line":274,"column":35},"skip":true},"60":{"start":{"line":275,"column":20},"end":{"line":284,"column":21},"skip":true},"61":{"start":{"line":277,"column":24},"end":{"line":277,"column":64},"skip":true},"62":{"start":{"line":279,"column":24},"end":{"line":279,"column":40},"skip":true},"63":{"start":{"line":281,"column":24},"end":{"line":281,"column":40},"skip":true},"64":{"start":{"line":283,"column":24},"end":{"line":283,"column":39},"skip":true},"65":{"start":{"line":288,"column":8},"end":{"line":290,"column":9},"skip":true},"66":{"start":{"line":289,"column":12},"end":{"line":289,"column":18},"skip":true},"67":{"start":{"line":291,"column":8},"end":{"line":293,"column":54},"skip":true},"68":{"start":{"line":296,"column":8},"end":{"line":301,"column":37},"skip":true},"69":{"start":{"line":303,"column":8},"end":{"line":303,"column":82},"skip":true},"70":{"start":{"line":306,"column":8},"end":{"line":308,"column":9},"skip":true},"71":{"start":{"line":307,"column":12},"end":{"line":307,"column":82},"skip":true},"72":{"start":{"line":310,"column":8},"end":{"line":312,"column":9},"skip":true},"73":{"start":{"line":311,"column":12},"end":{"line":311,"column":18},"skip":true},"74":{"start":{"line":313,"column":8},"end":{"line":313,"column":54},"skip":true},"75":{"start":{"line":314,"column":8},"end":{"line":314,"column":69},"skip":true},"76":{"start":{"line":315,"column":8},"end":{"line":323,"column":36},"skip":true},"77":{"start":{"line":316,"column":12},"end":{"line":316,"column":61},"skip":true},"78":{"start":{"line":317,"column":12},"end":{"line":320,"column":13},"skip":true},"79":{"start":{"line":318,"column":16},"end":{"line":318,"column":75},"skip":true},"80":{"start":{"line":319,"column":16},"end":{"line":319,"column":23},"skip":true},"81":{"start":{"line":321,"column":12},"end":{"line":321,"column":38},"skip":true},"82":{"start":{"line":322,"column":12},"end":{"line":322,"column":27},"skip":true},"83":{"start":{"line":324,"column":8},"end":{"line":324,"column":14},"skip":true}},"branchMap":{"1":{"line":39,"type":"binary-expr","locations":[{"start":{"line":39,"column":23},"end":{"line":39,"column":62}},{"start":{"line":40,"column":20},"end":{"line":40,"column":70}},{"start":{"line":41,"column":20},"end":{"line":41,"column":71}},{"start":{"line":42,"column":20},"end":{"line":42,"column":29}}]},"2":{"line":44,"type":"binary-expr","locations":[{"start":{"line":44,"column":23},"end":{"line":44,"column":37}},{"start":{"line":45,"column":20},"end":{"line":45,"column":61}},{"start":{"line":46,"column":20},"end":{"line":46,"column":70}},{"start":{"line":47,"column":20},"end":{"line":47,"column":26}}]},"3":{"line":51,"type":"cond-expr","locations":[{"start":{"line":52,"column":14},"end":{"line":52,"column":20}},{"start":{"line":53,"column":14},"end":{"line":53,"column":20}}]},"4":{"line":55,"type":"binary-expr","locations":[{"start":{"line":55,"column":16},"end":{"line":55,"column":44}},{"start":{"line":55,"column":49},"end":{"line":57,"column":43}}]},"5":{"line":55,"type":"cond-expr","locations":[{"start":{"line":56,"column":14},"end":{"line":56,"column":52}},{"start":{"line":57,"column":14},"end":{"line":57,"column":43}}]},"6":{"line":61,"type":"switch","locations":[{"start":{"line":68,"column":4},"end":{"line":150,"column":14},"skip":true},{"start":{"line":156,"column":4},"end":{"line":324,"column":14},"skip":true}]},"7":{"line":70,"type":"if","locations":[{"start":{"line":70,"column":12},"end":{"line":70,"column":12},"skip":true},{"start":{"line":70,"column":12},"end":{"line":70,"column":12},"skip":true}]},"8":{"line":70,"type":"binary-expr","locations":[{"start":{"line":70,"column":16},"end":{"line":70,"column":22},"skip":true},{"start":{"line":70,"column":27},"end":{"line":70,"column":32},"skip":true},{"start":{"line":71,"column":20},"end":{"line":71,"column":39},"skip":true},{"start":{"line":72,"column":20},"end":{"line":72,"column":49},"skip":true},{"start":{"line":73,"column":20},"end":{"line":73,"column":58},"skip":true},{"start":{"line":74,"column":20},"end":{"line":74,"column":69},"skip":true}]},"9":{"line":79,"type":"switch","locations":[{"start":{"line":80,"column":20},"end":{"line":80,"column":33},"skip":true},{"start":{"line":81,"column":20},"end":{"line":83,"column":30},"skip":true},{"start":{"line":84,"column":20},"end":{"line":85,"column":49},"skip":true}]},"10":{"line":89,"type":"switch","locations":[{"start":{"line":90,"column":12},"end":{"line":103,"column":22},"skip":true},{"start":{"line":105,"column":12},"end":{"line":106,"column":22},"skip":true}]},"11":{"line":89,"type":"binary-expr","locations":[{"start":{"line":89,"column":20},"end":{"line":89,"column":25},"skip":true},{"start":{"line":89,"column":29},"end":{"line":89,"column":48},"skip":true},{"start":{"line":89,"column":52},"end":{"line":89,"column":74},"skip":true}]},"12":{"line":92,"type":"if","locations":[{"start":{"line":92,"column":16},"end":{"line":92,"column":16},"skip":true},{"start":{"line":92,"column":16},"end":{"line":92,"column":16},"skip":true}]},"13":{"line":108,"type":"if","locations":[{"start":{"line":108,"column":12},"end":{"line":108,"column":12},"skip":true},{"start":{"line":108,"column":12},"end":{"line":108,"column":12},"skip":true}]},"14":{"line":108,"type":"binary-expr","locations":[{"start":{"line":108,"column":16},"end":{"line":108,"column":61},"skip":true},{"start":{"line":108,"column":66},"end":{"line":108,"column":72},"skip":true},{"start":{"line":108,"column":77},"end":{"line":108,"column":82},"skip":true},{"start":{"line":109,"column":20},"end":{"line":109,"column":39},"skip":true},{"start":{"line":110,"column":20},"end":{"line":110,"column":49},"skip":true},{"start":{"line":111,"column":20},"end":{"line":111,"column":58},"skip":true},{"start":{"line":112,"column":20},"end":{"line":112,"column":68},"skip":true}]},"15":{"line":129,"type":"if","locations":[{"start":{"line":129,"column":16},"end":{"line":129,"column":16},"skip":true},{"start":{"line":129,"column":16},"end":{"line":129,"column":16},"skip":true}]},"16":{"line":134,"type":"cond-expr","locations":[{"start":{"line":135,"column":26},"end":{"line":135,"column":29},"skip":true},{"start":{"line":136,"column":26},"end":{"line":136,"column":54},"skip":true}]},"17":{"line":164,"type":"binary-expr","locations":[{"start":{"line":164,"column":27},"end":{"line":164,"column":43},"skip":true},{"start":{"line":164,"column":47},"end":{"line":164,"column":49},"skip":true}]},"18":{"line":258,"type":"if","locations":[{"start":{"line":258,"column":8},"end":{"line":258,"column":8},"skip":true},{"start":{"line":258,"column":8},"end":{"line":258,"column":8},"skip":true}]},"19":{"line":275,"type":"switch","locations":[{"start":{"line":276,"column":20},"end":{"line":277,"column":64},"skip":true},{"start":{"line":278,"column":20},"end":{"line":279,"column":40},"skip":true},{"start":{"line":280,"column":20},"end":{"line":281,"column":40},"skip":true},{"start":{"line":282,"column":20},"end":{"line":283,"column":39},"skip":true}]},"20":{"line":288,"type":"if","locations":[{"start":{"line":288,"column":8},"end":{"line":288,"column":8},"skip":true},{"start":{"line":288,"column":8},"end":{"line":288,"column":8},"skip":true}]},"21":{"line":288,"type":"binary-expr","locations":[{"start":{"line":288,"column":12},"end":{"line":288,"column":40},"skip":true},{"start":{"line":288,"column":44},"end":{"line":288,"column":67},"skip":true}]},"22":{"line":292,"type":"binary-expr","locations":[{"start":{"line":292,"column":12},"end":{"line":292,"column":50},"skip":true},{"start":{"line":293,"column":12},"end":{"line":293,"column":53},"skip":true}]},"23":{"line":297,"type":"binary-expr","locations":[{"start":{"line":297,"column":12},"end":{"line":297,"column":66},"skip":true},{"start":{"line":298,"column":12},"end":{"line":301,"column":36},"skip":true}]},"24":{"line":303,"type":"binary-expr","locations":[{"start":{"line":303,"column":43},"end":{"line":303,"column":75},"skip":true},{"start":{"line":303,"column":79},"end":{"line":303,"column":81},"skip":true}]},"25":{"line":306,"type":"if","locations":[{"start":{"line":306,"column":8},"end":{"line":306,"column":8},"skip":true},{"start":{"line":306,"column":8},"end":{"line":306,"column":8},"skip":true}]},"26":{"line":310,"type":"if","locations":[{"start":{"line":310,"column":8},"end":{"line":310,"column":8},"skip":true},{"start":{"line":310,"column":8},"end":{"line":310,"column":8},"skip":true}]},"27":{"line":313,"type":"binary-expr","locations":[{"start":{"line":313,"column":27},"end":{"line":313,"column":43},"skip":true},{"start":{"line":313,"column":47},"end":{"line":313,"column":53},"skip":true}]},"28":{"line":317,"type":"if","locations":[{"start":{"line":317,"column":12},"end":{"line":317,"column":12},"skip":true},{"start":{"line":317,"column":12},"end":{"line":317,"column":12},"skip":true}]}},"code":["/*","example.js","","quickstart example","","instruction","    1. save this script as example.js","    2. run the shell command:","        $ npm install npmtest-humanize && PORT=8081 node example.js","    3. play with the browser-demo on http://127.0.0.1:8081","*/","","","","/* istanbul instrument in package npmtest_humanize */","/*jslint","    bitwise: true,","    browser: true,","    maxerr: 8,","    maxlen: 96,","    node: true,","    nomen: true,","    regexp: true,","    stupid: true","*/","(function () {","    'use strict';","    var local;","","","","    // run shared js-env code - pre-init","    (function () {","        // init local","        local = {};","        // init modeJs","        local.modeJs = (function () {","            try {","                return typeof navigator.userAgent === 'string' &&","                    typeof document.querySelector('body') === 'object' &&","                    typeof XMLHttpRequest.prototype.open === 'function' &&","                    'browser';","            } catch (errorCaughtBrowser) {","                return module.exports &&","                    typeof process.versions.node === 'string' &&","                    typeof require('http').createServer === 'function' &&","                    'node';","            }","        }());","        // init global","        local.global = local.modeJs === 'browser'","            ? window","            : global;","        // init utility2_rollup","        local = local.global.utility2_rollup || (local.modeJs === 'browser'","            ? local.global.utility2_npmtest_humanize","            : global.utility2_moduleExports);","        // export local","        local.global.local = local;","    }());","    switch (local.modeJs) {","","","","    // post-init","    // run browser js-env code - post-init","    /* istanbul ignore next */","    case 'browser':","        local.testRunBrowser = function (event) {","            if (!event || (event &&","                    event.currentTarget &&","                    event.currentTarget.className &&","                    event.currentTarget.className.includes &&","                    event.currentTarget.className.includes('onreset'))) {","                // reset output","                Array.from(","                    document.querySelectorAll('body > .resettable')","                ).forEach(function (element) {","                    switch (element.tagName) {","                    case 'INPUT':","                    case 'TEXTAREA':","                        element.value = '';","                        break;","                    default:","                        element.textContent = '';","                    }","                });","            }","            switch (event && event.currentTarget && event.currentTarget.id) {","            case 'testRunButton1':","                // show tests","                if (document.querySelector('#testReportDiv1').style.display === 'none') {","                    document.querySelector('#testReportDiv1').style.display = 'block';","                    document.querySelector('#testRunButton1').textContent =","                        'hide internal test';","                    local.modeTest = true;","                    local.testRunDefault(local);","                // hide tests","                } else {","                    document.querySelector('#testReportDiv1').style.display = 'none';","                    document.querySelector('#testRunButton1').textContent = 'run internal test';","                }","                break;","            // custom-case","            default:","                break;","            }","            if (document.querySelector('#inputTextareaEval1') && (!event || (event &&","                    event.currentTarget &&","                    event.currentTarget.className &&","                    event.currentTarget.className.includes &&","                    event.currentTarget.className.includes('oneval')))) {","                // try to eval input-code","                try {","                    /*jslint evil: true*/","                    eval(document.querySelector('#inputTextareaEval1').value);","                } catch (errorCaught) {","                    console.error(errorCaught);","                }","            }","        };","        // log stderr and stdout to #outputTextareaStdout1","        ['error', 'log'].forEach(function (key) {","            console[key + '_original'] = console[key];","            console[key] = function () {","                var element;","                console[key + '_original'].apply(console, arguments);","                element = document.querySelector('#outputTextareaStdout1');","                if (!element) {","                    return;","                }","                // append text to #outputTextareaStdout1","                element.value += Array.from(arguments).map(function (arg) {","                    return typeof arg === 'string'","                        ? arg","                        : JSON.stringify(arg, null, 4);","                }).join(' ') + '\\n';","                // scroll textarea to bottom","                element.scrollTop = element.scrollHeight;","            };","        });","        // init event-handling","        ['change', 'click', 'keyup'].forEach(function (event) {","            Array.from(document.querySelectorAll('.on' + event)).forEach(function (element) {","                element.addEventListener(event, local.testRunBrowser);","            });","        });","        // run tests","        local.testRunBrowser();","        break;","","","","    // run node js-env code - post-init","    /* istanbul ignore next */","    case 'node':","        // export local","        module.exports = local;","        // require modules","        local.fs = require('fs');","        local.http = require('http');","        local.url = require('url');","        // init assets","        local.assetsDict = local.assetsDict || {};","        /* jslint-ignore-begin */","        local.assetsDict['/assets.index.template.html'] = '\\","<!doctype html>\\n\\","<html lang=\"en\">\\n\\","<head>\\n\\","<meta charset=\"UTF-8\">\\n\\","<meta name=\"viewport\" content=\"width=device-width, initial-scale=1\">\\n\\","<title>{{env.npm_package_name}} (v{{env.npm_package_version}})</title>\\n\\","<style>\\n\\","/*csslint\\n\\","    box-sizing: false,\\n\\","    universal-selector: false\\n\\","*/\\n\\","* {\\n\\","    box-sizing: border-box;\\n\\","}\\n\\","body {\\n\\","    background: #dde;\\n\\","    font-family: Arial, Helvetica, sans-serif;\\n\\","    margin: 2rem;\\n\\","}\\n\\","body > * {\\n\\","    margin-bottom: 1rem;\\n\\","}\\n\\",".utility2FooterDiv {\\n\\","    margin-top: 20px;\\n\\","    text-align: center;\\n\\","}\\n\\","</style>\\n\\","<style>\\n\\","/*csslint\\n\\","*/\\n\\","textarea {\\n\\","    font-family: monospace;\\n\\","    height: 10rem;\\n\\","    width: 100%;\\n\\","}\\n\\","textarea[readonly] {\\n\\","    background: #ddd;\\n\\","}\\n\\","</style>\\n\\","</head>\\n\\","<body>\\n\\","<!-- utility2-comment\\n\\","<div id=\"ajaxProgressDiv1\" style=\"background: #d00; height: 2px; left: 0; margin: 0; padding: 0; position: fixed; top: 0; transition: background 0.5s, width 1.5s; width: 25%;\"></div>\\n\\","utility2-comment -->\\n\\","<h1>\\n\\","<!-- utility2-comment\\n\\","    <a\\n\\","        {{#if env.npm_package_homepage}}\\n\\","        href=\"{{env.npm_package_homepage}}\"\\n\\","        {{/if env.npm_package_homepage}}\\n\\","        target=\"_blank\"\\n\\","    >\\n\\","utility2-comment -->\\n\\","        {{env.npm_package_name}} (v{{env.npm_package_version}})\\n\\","<!-- utility2-comment\\n\\","    </a>\\n\\","utility2-comment -->\\n\\","</h1>\\n\\","<h3>{{env.npm_package_description}}</h3>\\n\\","<!-- utility2-comment\\n\\","<h4><a download href=\"assets.app.js\">download standalone app</a></h4>\\n\\","<button class=\"onclick onreset\" id=\"testRunButton1\">run internal test</button><br>\\n\\","<div id=\"testReportDiv1\" style=\"display: none;\"></div>\\n\\","utility2-comment -->\\n\\","\\n\\","\\n\\","\\n\\","<label>stderr and stdout</label>\\n\\","<textarea class=\"resettable\" id=\"outputTextareaStdout1\" readonly></textarea>\\n\\","<!-- utility2-comment\\n\\","{{#if isRollup}}\\n\\","<script src=\"assets.app.js\"></script>\\n\\","{{#unless isRollup}}\\n\\","utility2-comment -->\\n\\","<script src=\"assets.utility2.rollup.js\"></script>\\n\\","<script src=\"jsonp.utility2._stateInit?callback=window.utility2._stateInit\"></script>\\n\\","<script src=\"assets.npmtest_humanize.rollup.js\"></script>\\n\\","<script src=\"assets.example.js\"></script>\\n\\","<script src=\"assets.test.js\"></script>\\n\\","<!-- utility2-comment\\n\\","{{/if isRollup}}\\n\\","utility2-comment -->\\n\\","<div class=\"utility2FooterDiv\">\\n\\","    [ this app was created with\\n\\","    <a href=\"https://github.com/kaizhu256/node-utility2\" target=\"_blank\">utility2</a>\\n\\","    ]\\n\\","</div>\\n\\","</body>\\n\\","</html>\\n\\","';","        /* jslint-ignore-end */","        if (local.templateRender) {","            local.assetsDict['/'] = local.templateRender(","                local.assetsDict['/assets.index.template.html'],","                {","                    env: local.objectSetDefault(local.env, {","                        npm_package_description: 'the greatest app in the world!',","                        npm_package_name: 'my-app',","                        npm_package_nameAlias: 'my_app',","                        npm_package_version: '0.0.1'","                    })","                }","            );","        } else {","            local.assetsDict['/'] = local.assetsDict['/assets.index.template.html']","                .replace((/\\{\\{env\\.(\\w+?)\\}\\}/g), function (match0, match1) {","                    // jslint-hack","                    String(match0);","                    switch (match1) {","                    case 'npm_package_description':","                        return 'the greatest app in the world!';","                    case 'npm_package_name':","                        return 'my-app';","                    case 'npm_package_nameAlias':","                        return 'my_app';","                    case 'npm_package_version':","                        return '0.0.1';","                    }","                });","        }","        // run the cli","        if (local.global.utility2_rollup || module !== require.main) {","            break;","        }","        local.assetsDict['/assets.example.js'] =","            local.assetsDict['/assets.example.js'] ||","            local.fs.readFileSync(__filename, 'utf8');","        // bug-workaround - long $npm_package_buildCustomOrg","        /* jslint-ignore-begin */","        local.assetsDict['/assets.npmtest_humanize.rollup.js'] =","            local.assetsDict['/assets.npmtest_humanize.rollup.js'] ||","            local.fs.readFileSync(","                local.npmtest_humanize.__dirname + '/lib.npmtest_humanize.js',","                'utf8'","            ).replace((/^#!/), '//');","        /* jslint-ignore-end */","        local.assetsDict['/favicon.ico'] = local.assetsDict['/favicon.ico'] || '';","        // if $npm_config_timeout_exit exists,","        // then exit this process after $npm_config_timeout_exit ms","        if (Number(process.env.npm_config_timeout_exit)) {","            setTimeout(process.exit, Number(process.env.npm_config_timeout_exit));","        }","        // start server","        if (local.global.utility2_serverHttp1) {","            break;","        }","        process.env.PORT = process.env.PORT || '8081';","        console.error('server starting on port ' + process.env.PORT);","        local.http.createServer(function (request, response) {","            request.urlParsed = local.url.parse(request.url);","            if (local.assetsDict[request.urlParsed.pathname] !== undefined) {","                response.end(local.assetsDict[request.urlParsed.pathname]);","                return;","            }","            response.statusCode = 404;","            response.end();","        }).listen(process.env.PORT);","        break;","    }","}());",""],"l":{"26":2,"28":2,"33":2,"35":2,"37":2,"38":2,"39":2,"44":1,"51":2,"55":2,"59":2,"61":2,"69":1,"70":2,"76":2,"79":2,"82":2,"83":2,"85":1,"89":2,"92":1,"93":1,"94":1,"96":1,"97":1,"100":1,"101":1,"103":1,"106":1,"108":2,"114":1,"116":1,"118":1,"123":1,"124":2,"125":2,"126":3,"127":3,"128":3,"129":3,"130":1,"133":3,"134":3,"139":3,"143":1,"144":3,"145":1,"149":1,"150":1,"158":1,"160":1,"161":1,"162":1,"164":1,"166":1,"258":1,"259":1,"271":1,"274":6,"275":6,"277":1,"279":2,"281":1,"283":2,"288":1,"289":1,"291":1,"296":1,"303":1,"306":1,"307":1,"310":1,"311":1,"313":1,"314":1,"315":1,"316":1,"317":1,"318":1,"319":1,"321":1,"322":1,"324":1}},"/home/travis/build/npmtest/node-npmtest-humanize/node_modules/humanize/humanize.js":{"path":"/home/travis/build/npmtest/node-npmtest-humanize/node_modules/humanize/humanize.js","s":{"1":1,"2":1,"3":1,"4":1,"5":1,"6":1,"7":1,"8":1,"9":0,"10":0,"11":0,"12":0,"13":1,"14":0,"15":0,"16":1,"17":0,"18":0,"19":0,"20":0,"21":0,"22":0,"23":0,"24":0,"25":0,"26":0,"27":0,"28":0,"29":1,"30":0,"31":1,"32":1,"33":1,"34":0,"35":0,"36":0,"37":0,"38":0,"39":0,"40":0,"41":0,"42":0,"43":0,"44":0,"45":0,"46":0,"47":0,"48":0,"49":0,"50":0,"51":0,"52":0,"53":0,"54":0,"55":0,"56":0,"57":0,"58":0,"59":0,"60":0,"61":0,"62":0,"63":0,"64":0,"65":0,"66":0,"67":0,"68":0,"69":0,"70":0,"71":0,"72":0,"73":0,"74":0,"75":0,"76":0,"77":0,"78":0,"79":0,"80":0,"81":0,"82":0,"83":0,"84":0,"85":0,"86":0,"87":0,"88":0,"89":0,"90":1,"91":0,"92":0,"93":0,"94":0,"95":0,"96":0,"97":0,"98":0,"99":1,"100":0,"101":0,"102":0,"103":0,"104":0,"105":0,"106":0,"107":0,"108":0,"109":0,"110":0,"111":0,"112":1,"113":0,"114":0,"115":0,"116":0,"117":0,"118":0,"119":0,"120":0,"121":0,"122":0,"123":0,"124":0,"125":0,"126":0,"127":0,"128":0,"129":0,"130":0,"131":0,"132":0,"133":0,"134":0,"135":0,"136":0,"137":0,"138":0,"139":0,"140":0,"141":0,"142":0,"143":0,"144":0,"145":0,"146":0,"147":0,"148":1,"149":0,"150":0,"151":0,"152":0,"153":0,"154":0,"155":1,"156":0,"157":0,"158":0,"159":0,"160":0,"161":0,"162":0,"163":0,"164":1,"165":0,"166":0,"167":0,"168":0,"169":0,"170":0,"171":0,"172":0,"173":0,"174":1,"175":0,"176":0,"177":0,"178":0,"179":0,"180":0,"181":1,"182":0,"183":1,"184":0,"185":0,"186":0,"187":1,"188":0,"189":0,"190":0,"191":0},"b":{"1":[1,0],"2":[1,0],"3":[1,1],"4":[0,0],"5":[0,0],"6":[0,0],"7":[0,0],"8":[0,0],"9":[0,0],"10":[0,0],"11":[0,0],"12":[0,0],"13":[0,0],"14":[0,0],"15":[0,0],"16":[0,0],"17":[0,0],"18":[0,0],"19":[0,0],"20":[0,0],"21":[0,0],"22":[0,0],"23":[0,0],"24":[0,0],"25":[0,0],"26":[0,0],"27":[0,0],"28":[0,0],"29":[0,0],"30":[0,0],"31":[0,0],"32":[0,0],"33":[0,0],"34":[0,0],"35":[0,0],"36":[0,0],"37":[0,0],"38":[0,0],"39":[0,0],"40":[0,0],"41":[0,0],"42":[0,0],"43":[0,0],"44":[0,0],"45":[0,0],"46":[0,0],"47":[0,0],"48":[0,0],"49":[0,0],"50":[0,0],"51":[0,0],"52":[0,0],"53":[0,0],"54":[0,0],"55":[0,0],"56":[0,0],"57":[0,0],"58":[0,0],"59":[0,0],"60":[0,0],"61":[0,0],"62":[0,0],"63":[0,0],"64":[0,0],"65":[0,0],"66":[0,0],"67":[0,0],"68":[0,0],"69":[0,0],"70":[0,0],"71":[0,0],"72":[0,0],"73":[0,0],"74":[0,0],"75":[0,0],"76":[0,0],"77":[0,0],"78":[0,0],"79":[0,0],"80":[0,0],"81":[0,0],"82":[0,0],"83":[0,0],"84":[0,0],"85":[0,0],"86":[0,0],"87":[0,0],"88":[0,0],"89":[0,0],"90":[0,0],"91":[0,0],"92":[0,0],"93":[0,0],"94":[0,0],"95":[0,0],"96":[0,0],"97":[0,0],"98":[0,0],"99":[0,0]},"f":{"1":1,"2":0,"3":0,"4":0,"5":0,"6":0,"7":0,"8":0,"9":0,"10":0,"11":0,"12":0,"13":0,"14":0,"15":0,"16":0,"17":0,"18":0,"19":0,"20":0,"21":0,"22":0,"23":0,"24":0,"25":0,"26":0,"27":0,"28":0,"29":0,"30":0,"31":0,"32":0,"33":0,"34":0,"35":0,"36":0,"37":0,"38":0,"39":0,"40":0,"41":0,"42":0,"43":0,"44":0,"45":0,"46":0,"47":0,"48":0,"49":0,"50":0,"51":0},"fnMap":{"1":{"name":"(anonymous_1)","line":2,"loc":{"start":{"line":2,"column":1},"end":{"line":2,"column":12}}},"2":{"name":"(anonymous_2)","line":22,"loc":{"start":{"line":22,"column":25},"end":{"line":22,"column":36}}},"3":{"name":"(anonymous_3)","line":29,"loc":{"start":{"line":29,"column":24},"end":{"line":29,"column":35}}},"4":{"name":"(anonymous_4)","line":34,"loc":{"start":{"line":34,"column":17},"end":{"line":34,"column":53}}},"5":{"name":"(anonymous_5)","line":58,"loc":{"start":{"line":58,"column":18},"end":{"line":58,"column":29}}},"6":{"name":"(anonymous_6)","line":73,"loc":{"start":{"line":73,"column":18},"end":{"line":73,"column":46}}},"7":{"name":"(anonymous_7)","line":80,"loc":{"start":{"line":80,"column":22},"end":{"line":80,"column":38}}},"8":{"name":"(anonymous_8)","line":90,"loc":{"start":{"line":90,"column":9},"end":{"line":90,"column":21}}},"9":{"name":"(anonymous_9)","line":93,"loc":{"start":{"line":93,"column":9},"end":{"line":93,"column":21}}},"10":{"name":"(anonymous_10)","line":96,"loc":{"start":{"line":96,"column":9},"end":{"line":96,"column":21}}},"11":{"name":"(anonymous_11)","line":99,"loc":{"start":{"line":99,"column":9},"end":{"line":99,"column":21}}},"12":{"name":"(anonymous_12)","line":102,"loc":{"start":{"line":102,"column":9},"end":{"line":102,"column":21}}},"13":{"name":"(anonymous_13)","line":105,"loc":{"start":{"line":105,"column":9},"end":{"line":105,"column":21}}},"14":{"name":"(anonymous_14)","line":111,"loc":{"start":{"line":111,"column":9},"end":{"line":111,"column":21}}},"15":{"name":"(anonymous_15)","line":114,"loc":{"start":{"line":114,"column":9},"end":{"line":114,"column":21}}},"16":{"name":"(anonymous_16)","line":120,"loc":{"start":{"line":120,"column":9},"end":{"line":120,"column":21}}},"17":{"name":"(anonymous_17)","line":130,"loc":{"start":{"line":130,"column":9},"end":{"line":130,"column":21}}},"18":{"name":"(anonymous_18)","line":133,"loc":{"start":{"line":133,"column":9},"end":{"line":133,"column":21}}},"19":{"name":"(anonymous_19)","line":136,"loc":{"start":{"line":136,"column":9},"end":{"line":136,"column":21}}},"20":{"name":"(anonymous_20)","line":139,"loc":{"start":{"line":139,"column":9},"end":{"line":139,"column":21}}},"21":{"name":"(anonymous_21)","line":142,"loc":{"start":{"line":142,"column":9},"end":{"line":142,"column":21}}},"22":{"name":"(anonymous_22)","line":146,"loc":{"start":{"line":146,"column":9},"end":{"line":146,"column":21}}},"23":{"name":"(anonymous_23)","line":149,"loc":{"start":{"line":149,"column":9},"end":{"line":149,"column":21}}},"24":{"name":"(anonymous_24)","line":156,"loc":{"start":{"line":156,"column":9},"end":{"line":156,"column":21}}},"25":{"name":"(anonymous_25)","line":159,"loc":{"start":{"line":159,"column":9},"end":{"line":159,"column":21}}},"26":{"name":"(anonymous_26)","line":163,"loc":{"start":{"line":163,"column":9},"end":{"line":163,"column":21}}},"27":{"name":"(anonymous_27)","line":166,"loc":{"start":{"line":166,"column":9},"end":{"line":166,"column":21}}},"28":{"name":"(anonymous_28)","line":169,"loc":{"start":{"line":169,"column":9},"end":{"line":169,"column":21}}},"29":{"name":"(anonymous_29)","line":181,"loc":{"start":{"line":181,"column":9},"end":{"line":181,"column":21}}},"30":{"name":"(anonymous_30)","line":184,"loc":{"start":{"line":184,"column":9},"end":{"line":184,"column":21}}},"31":{"name":"(anonymous_31)","line":187,"loc":{"start":{"line":187,"column":9},"end":{"line":187,"column":21}}},"32":{"name":"(anonymous_32)","line":190,"loc":{"start":{"line":190,"column":9},"end":{"line":190,"column":21}}},"33":{"name":"(anonymous_33)","line":193,"loc":{"start":{"line":193,"column":9},"end":{"line":193,"column":21}}},"34":{"name":"(anonymous_34)","line":196,"loc":{"start":{"line":196,"column":9},"end":{"line":196,"column":21}}},"35":{"name":"(anonymous_35)","line":199,"loc":{"start":{"line":199,"column":9},"end":{"line":199,"column":21}}},"36":{"name":"(anonymous_36)","line":212,"loc":{"start":{"line":212,"column":9},"end":{"line":212,"column":21}}},"37":{"name":"(anonymous_37)","line":219,"loc":{"start":{"line":219,"column":9},"end":{"line":219,"column":21}}},"38":{"name":"(anonymous_38)","line":225,"loc":{"start":{"line":225,"column":9},"end":{"line":225,"column":21}}},"39":{"name":"(anonymous_39)","line":228,"loc":{"start":{"line":228,"column":9},"end":{"line":228,"column":21}}},"40":{"name":"(anonymous_40)","line":231,"loc":{"start":{"line":231,"column":9},"end":{"line":231,"column":21}}},"41":{"name":"(anonymous_41)","line":234,"loc":{"start":{"line":234,"column":9},"end":{"line":234,"column":21}}},"42":{"name":"(anonymous_42)","line":244,"loc":{"start":{"line":244,"column":26},"end":{"line":244,"column":77}}},"43":{"name":"(anonymous_43)","line":269,"loc":{"start":{"line":269,"column":24},"end":{"line":269,"column":52}}},"44":{"name":"(anonymous_44)","line":292,"loc":{"start":{"line":292,"column":26},"end":{"line":292,"column":46}}},"45":{"name":"(anonymous_45)","line":372,"loc":{"start":{"line":372,"column":21},"end":{"line":372,"column":38}}},"46":{"name":"(anonymous_46)","line":388,"loc":{"start":{"line":388,"column":22},"end":{"line":388,"column":92}}},"47":{"name":"(anonymous_47)","line":402,"loc":{"start":{"line":402,"column":21},"end":{"line":402,"column":96}}},"48":{"name":"(anonymous_48)","line":432,"loc":{"start":{"line":432,"column":24},"end":{"line":432,"column":38}}},"49":{"name":"(anonymous_49)","line":451,"loc":{"start":{"line":451,"column":19},"end":{"line":451,"column":33}}},"50":{"name":"(anonymous_50)","line":459,"loc":{"start":{"line":459,"column":27},"end":{"line":459,"column":52}}},"51":{"name":"(anonymous_51)","line":468,"loc":{"start":{"line":468,"column":27},"end":{"line":468,"column":54}}}},"statementMap":{"1":{"start":{"line":2,"column":0},"end":{"line":474,"column":14}},"2":{"start":{"line":8,"column":2},"end":{"line":8,"column":18}},"3":{"start":{"line":11,"column":2},"end":{"line":11,"column":39}},"4":{"start":{"line":13,"column":2},"end":{"line":13,"column":20}},"5":{"start":{"line":15,"column":2},"end":{"line":27,"column":3}},"6":{"start":{"line":16,"column":4},"end":{"line":18,"column":5}},"7":{"start":{"line":17,"column":6},"end":{"line":17,"column":42}},"8":{"start":{"line":19,"column":4},"end":{"line":19,"column":32}},"9":{"start":{"line":21,"column":4},"end":{"line":25,"column":5}},"10":{"start":{"line":22,"column":6},"end":{"line":24,"column":9}},"11":{"start":{"line":23,"column":8},"end":{"line":23,"column":24}},"12":{"start":{"line":26,"column":4},"end":{"line":26,"column":29}},"13":{"start":{"line":29,"column":2},"end":{"line":32,"column":4}},"14":{"start":{"line":30,"column":4},"end":{"line":30,"column":37}},"15":{"start":{"line":31,"column":4},"end":{"line":31,"column":16}},"16":{"start":{"line":34,"column":2},"end":{"line":55,"column":4}},"17":{"start":{"line":35,"column":4},"end":{"line":35,"column":14}},"18":{"start":{"line":36,"column":4},"end":{"line":40,"column":5}},"19":{"start":{"line":37,"column":6},"end":{"line":37,"column":20}},"20":{"start":{"line":38,"column":11},"end":{"line":40,"column":5}},"21":{"start":{"line":39,"column":6},"end":{"line":39,"column":34}},"22":{"start":{"line":41,"column":4},"end":{"line":41,"column":51}},"23":{"start":{"line":43,"column":4},"end":{"line":52,"column":5}},"24":{"start":{"line":44,"column":6},"end":{"line":46,"column":7}},"25":{"start":{"line":45,"column":8},"end":{"line":45,"column":28}},"26":{"start":{"line":49,"column":6},"end":{"line":51,"column":7}},"27":{"start":{"line":50,"column":8},"end":{"line":50,"column":28}},"28":{"start":{"line":54,"column":4},"end":{"line":54,"column":15}},"29":{"start":{"line":58,"column":2},"end":{"line":60,"column":4}},"30":{"start":{"line":59,"column":4},"end":{"line":59,"column":39}},"31":{"start":{"line":67,"column":2},"end":{"line":67,"column":89}},"32":{"start":{"line":68,"column":2},"end":{"line":68,"column":89}},"33":{"start":{"line":73,"column":2},"end":{"line":238,"column":4}},"34":{"start":{"line":74,"column":4},"end":{"line":77,"column":19}},"35":{"start":{"line":79,"column":4},"end":{"line":79,"column":35}},"36":{"start":{"line":80,"column":4},"end":{"line":82,"column":6}},"37":{"start":{"line":81,"column":6},"end":{"line":81,"column":31}},"38":{"start":{"line":84,"column":4},"end":{"line":84,"column":101}},"39":{"start":{"line":85,"column":4},"end":{"line":85,"column":142}},"40":{"start":{"line":87,"column":4},"end":{"line":235,"column":6}},"41":{"start":{"line":90,"column":23},"end":{"line":90,"column":58}},"42":{"start":{"line":93,"column":23},"end":{"line":93,"column":48}},"43":{"start":{"line":96,"column":23},"end":{"line":96,"column":47}},"44":{"start":{"line":99,"column":23},"end":{"line":99,"column":49}},"45":{"start":{"line":102,"column":23},"end":{"line":102,"column":41}},"46":{"start":{"line":106,"column":8},"end":{"line":106,"column":22}},"47":{"start":{"line":107,"column":8},"end":{"line":107,"column":84}},"48":{"start":{"line":111,"column":23},"end":{"line":111,"column":46}},"49":{"start":{"line":115,"column":8},"end":{"line":115,"column":81}},"50":{"start":{"line":123,"column":8},"end":{"line":123,"column":54}},"51":{"start":{"line":125,"column":8},"end":{"line":125,"column":129}},"52":{"start":{"line":130,"column":23},"end":{"line":130,"column":58}},"53":{"start":{"line":133,"column":23},"end":{"line":133,"column":58}},"54":{"start":{"line":136,"column":23},"end":{"line":136,"column":48}},"55":{"start":{"line":139,"column":23},"end":{"line":139,"column":52}},"56":{"start":{"line":142,"column":23},"end":{"line":142,"column":68}},"57":{"start":{"line":146,"column":23},"end":{"line":146,"column":78}},"58":{"start":{"line":150,"column":8},"end":{"line":150,"column":22}},"59":{"start":{"line":151,"column":8},"end":{"line":151,"column":22}},"60":{"start":{"line":152,"column":8},"end":{"line":152,"column":67}},"61":{"start":{"line":156,"column":23},"end":{"line":156,"column":51}},"62":{"start":{"line":159,"column":23},"end":{"line":159,"column":56}},"63":{"start":{"line":163,"column":23},"end":{"line":163,"column":67}},"64":{"start":{"line":166,"column":23},"end":{"line":166,"column":50}},"65":{"start":{"line":170,"column":8},"end":{"line":170,"column":47}},"66":{"start":{"line":171,"column":8},"end":{"line":171,"column":57}},"67":{"start":{"line":172,"column":8},"end":{"line":172,"column":68}},"68":{"start":{"line":172,"column":38},"end":{"line":172,"column":66}},"69":{"start":{"line":173,"column":8},"end":{"line":173,"column":57}},"70":{"start":{"line":174,"column":8},"end":{"line":176,"column":9}},"71":{"start":{"line":175,"column":10},"end":{"line":175,"column":34}},"72":{"start":{"line":177,"column":8},"end":{"line":177,"column":33}},"73":{"start":{"line":181,"column":23},"end":{"line":181,"column":47}},"74":{"start":{"line":184,"column":23},"end":{"line":184,"column":48}},"75":{"start":{"line":187,"column":23},"end":{"line":187,"column":58}},"76":{"start":{"line":190,"column":23},"end":{"line":190,"column":58}},"77":{"start":{"line":193,"column":23},"end":{"line":193,"column":72}},"78":{"start":{"line":196,"column":23},"end":{"line":196,"column":72}},"79":{"start":{"line":199,"column":23},"end":{"line":199,"column":84}},"80":{"start":{"line":213,"column":8},"end":{"line":213,"column":45}},"81":{"start":{"line":214,"column":8},"end":{"line":214,"column":35}},"82":{"start":{"line":215,"column":8},"end":{"line":215,"column":105}},"83":{"start":{"line":220,"column":8},"end":{"line":220,"column":22}},"84":{"start":{"line":221,"column":8},"end":{"line":221,"column":55}},"85":{"start":{"line":225,"column":23},"end":{"line":225,"column":63}},"86":{"start":{"line":228,"column":23},"end":{"line":228,"column":79}},"87":{"start":{"line":231,"column":23},"end":{"line":231,"column":81}},"88":{"start":{"line":234,"column":23},"end":{"line":234,"column":59}},"89":{"start":{"line":237,"column":4},"end":{"line":237,"column":50}},"90":{"start":{"line":244,"column":2},"end":{"line":256,"column":4}},"91":{"start":{"line":245,"column":4},"end":{"line":245,"column":56}},"92":{"start":{"line":246,"column":4},"end":{"line":246,"column":57}},"93":{"start":{"line":247,"column":4},"end":{"line":247,"column":69}},"94":{"start":{"line":249,"column":4},"end":{"line":249,"column":37}},"95":{"start":{"line":250,"column":4},"end":{"line":250,"column":36}},"96":{"start":{"line":252,"column":4},"end":{"line":252,"column":62}},"97":{"start":{"line":253,"column":4},"end":{"line":253,"column":56}},"98":{"start":{"line":255,"column":4},"end":{"line":255,"column":217}},"99":{"start":{"line":269,"column":2},"end":{"line":286,"column":4}},"100":{"start":{"line":270,"column":4},"end":{"line":270,"column":72}},"101":{"start":{"line":271,"column":4},"end":{"line":271,"column":55}},"102":{"start":{"line":273,"column":4},"end":{"line":273,"column":23}},"103":{"start":{"line":274,"column":4},"end":{"line":274,"column":23}},"104":{"start":{"line":275,"column":4},"end":{"line":275,"column":88}},"105":{"start":{"line":277,"column":4},"end":{"line":283,"column":5}},"106":{"start":{"line":278,"column":6},"end":{"line":278,"column":25}},"107":{"start":{"line":279,"column":11},"end":{"line":283,"column":5}},"108":{"start":{"line":280,"column":6},"end":{"line":280,"column":21}},"109":{"start":{"line":281,"column":11},"end":{"line":283,"column":5}},"110":{"start":{"line":282,"column":6},"end":{"line":282,"column":24}},"111":{"start":{"line":285,"column":4},"end":{"line":285,"column":44}},"112":{"start":{"line":292,"column":2},"end":{"line":363,"column":4}},"113":{"start":{"line":293,"column":4},"end":{"line":293,"column":72}},"114":{"start":{"line":295,"column":4},"end":{"line":295,"column":35}},"115":{"start":{"line":296,"column":4},"end":{"line":296,"column":40}},"116":{"start":{"line":299,"column":4},"end":{"line":301,"column":5}},"117":{"start":{"line":300,"column":6},"end":{"line":300,"column":52}},"118":{"start":{"line":304,"column":4},"end":{"line":306,"column":5}},"119":{"start":{"line":305,"column":6},"end":{"line":305,"column":114}},"120":{"start":{"line":309,"column":4},"end":{"line":311,"column":5}},"121":{"start":{"line":310,"column":6},"end":{"line":310,"column":74}},"122":{"start":{"line":314,"column":4},"end":{"line":316,"column":5}},"123":{"start":{"line":315,"column":6},"end":{"line":315,"column":124}},"124":{"start":{"line":319,"column":4},"end":{"line":321,"column":5}},"125":{"start":{"line":320,"column":6},"end":{"line":320,"column":72}},"126":{"start":{"line":324,"column":4},"end":{"line":326,"column":5}},"127":{"start":{"line":325,"column":6},"end":{"line":325,"column":124}},"128":{"start":{"line":329,"column":4},"end":{"line":329,"column":26}},"129":{"start":{"line":330,"column":4},"end":{"line":332,"column":5}},"130":{"start":{"line":331,"column":6},"end":{"line":331,"column":56}},"131":{"start":{"line":335,"column":4},"end":{"line":335,"column":28}},"132":{"start":{"line":336,"column":4},"end":{"line":338,"column":5}},"133":{"start":{"line":337,"column":6},"end":{"line":337,"column":124}},"134":{"start":{"line":341,"column":4},"end":{"line":341,"column":28}},"135":{"start":{"line":342,"column":4},"end":{"line":344,"column":5}},"136":{"start":{"line":343,"column":6},"end":{"line":343,"column":72}},"137":{"start":{"line":346,"column":4},"end":{"line":346,"column":67}},"138":{"start":{"line":347,"column":4},"end":{"line":347,"column":69}},"139":{"start":{"line":348,"column":4},"end":{"line":348,"column":89}},"140":{"start":{"line":349,"column":4},"end":{"line":349,"column":92}},"141":{"start":{"line":352,"column":4},"end":{"line":352,"column":53}},"142":{"start":{"line":353,"column":4},"end":{"line":355,"column":5}},"143":{"start":{"line":354,"column":6},"end":{"line":354,"column":93}},"144":{"start":{"line":357,"column":4},"end":{"line":357,"column":50}},"145":{"start":{"line":358,"column":4},"end":{"line":360,"column":5}},"146":{"start":{"line":359,"column":6},"end":{"line":359,"column":58}},"147":{"start":{"line":362,"column":4},"end":{"line":362,"column":86}},"148":{"start":{"line":372,"column":2},"end":{"line":380,"column":4}},"149":{"start":{"line":373,"column":4},"end":{"line":373,"column":34}},"150":{"start":{"line":374,"column":4},"end":{"line":374,"column":40}},"151":{"start":{"line":375,"column":4},"end":{"line":375,"column":37}},"152":{"start":{"line":376,"column":4},"end":{"line":376,"column":30}},"153":{"start":{"line":377,"column":4},"end":{"line":377,"column":28}},"154":{"start":{"line":379,"column":4},"end":{"line":379,"column":109}},"155":{"start":{"line":388,"column":2},"end":{"line":394,"column":4}},"156":{"start":{"line":389,"column":4},"end":{"line":389,"column":46}},"157":{"start":{"line":390,"column":4},"end":{"line":390,"column":44}},"158":{"start":{"line":390,"column":25},"end":{"line":390,"column":42}},"159":{"start":{"line":391,"column":4},"end":{"line":391,"column":68}},"160":{"start":{"line":391,"column":53},"end":{"line":391,"column":66}},"161":{"start":{"line":392,"column":4},"end":{"line":392,"column":53}},"162":{"start":{"line":392,"column":35},"end":{"line":392,"column":51}},"163":{"start":{"line":393,"column":4},"end":{"line":393,"column":130}},"164":{"start":{"line":402,"column":2},"end":{"line":423,"column":4}},"165":{"start":{"line":403,"column":4},"end":{"line":403,"column":24}},"166":{"start":{"line":405,"column":4},"end":{"line":411,"column":32}},"167":{"start":{"line":413,"column":4},"end":{"line":418,"column":5}},"168":{"start":{"line":414,"column":6},"end":{"line":417,"column":7}},"169":{"start":{"line":415,"column":8},"end":{"line":415,"column":17}},"170":{"start":{"line":416,"column":8},"end":{"line":416,"column":14}},"171":{"start":{"line":419,"column":4},"end":{"line":419,"column":46}},"172":{"start":{"line":421,"column":4},"end":{"line":421,"column":60}},"173":{"start":{"line":422,"column":4},"end":{"line":422,"column":87}},"174":{"start":{"line":432,"column":2},"end":{"line":446,"column":4}},"175":{"start":{"line":434,"column":4},"end":{"line":434,"column":41}},"176":{"start":{"line":435,"column":4},"end":{"line":435,"column":41}},"177":{"start":{"line":438,"column":4},"end":{"line":438,"column":45}},"178":{"start":{"line":441,"column":4},"end":{"line":441,"column":46}},"179":{"start":{"line":444,"column":4},"end":{"line":444,"column":39}},"180":{"start":{"line":445,"column":4},"end":{"line":445,"column":32}},"181":{"start":{"line":451,"column":2},"end":{"line":453,"column":4}},"182":{"start":{"line":452,"column":4},"end":{"line":452,"column":50}},"183":{"start":{"line":459,"column":2},"end":{"line":462,"column":4}},"184":{"start":{"line":460,"column":4},"end":{"line":460,"column":51}},"185":{"start":{"line":460,"column":35},"end":{"line":460,"column":49}},"186":{"start":{"line":461,"column":4},"end":{"line":461,"column":42}},"187":{"start":{"line":468,"column":2},"end":{"line":472,"column":4}},"188":{"start":{"line":469,"column":4},"end":{"line":469,"column":34}},"189":{"start":{"line":470,"column":4},"end":{"line":470,"column":51}},"190":{"start":{"line":470,"column":35},"end":{"line":470,"column":49}},"191":{"start":{"line":471,"column":4},"end":{"line":471,"column":52}}},"branchMap":{"1":{"line":15,"type":"if","locations":[{"start":{"line":15,"column":2},"end":{"line":15,"column":2}},{"start":{"line":15,"column":2},"end":{"line":15,"column":2}}]},"2":{"line":16,"type":"if","locations":[{"start":{"line":16,"column":4},"end":{"line":16,"column":4}},{"start":{"line":16,"column":4},"end":{"line":16,"column":4}}]},"3":{"line":16,"type":"binary-expr","locations":[{"start":{"line":16,"column":8},"end":{"line":16,"column":37}},{"start":{"line":16,"column":41},"end":{"line":16,"column":55}}]},"4":{"line":21,"type":"if","locations":[{"start":{"line":21,"column":4},"end":{"line":21,"column":4}},{"start":{"line":21,"column":4},"end":{"line":21,"column":4}}]},"5":{"line":21,"type":"binary-expr","locations":[{"start":{"line":21,"column":8},"end":{"line":21,"column":36}},{"start":{"line":21,"column":40},"end":{"line":21,"column":50}}]},"6":{"line":36,"type":"if","locations":[{"start":{"line":36,"column":4},"end":{"line":36,"column":4}},{"start":{"line":36,"column":4},"end":{"line":36,"column":4}}]},"7":{"line":38,"type":"if","locations":[{"start":{"line":38,"column":11},"end":{"line":38,"column":11}},{"start":{"line":38,"column":11},"end":{"line":38,"column":11}}]},"8":{"line":41,"type":"cond-expr","locations":[{"start":{"line":41,"column":34},"end":{"line":41,"column":40}},{"start":{"line":41,"column":43},"end":{"line":41,"column":50}}]},"9":{"line":43,"type":"if","locations":[{"start":{"line":43,"column":4},"end":{"line":43,"column":4}},{"start":{"line":43,"column":4},"end":{"line":43,"column":4}}]},"10":{"line":74,"type":"cond-expr","locations":[{"start":{"line":74,"column":46},"end":{"line":74,"column":56}},{"start":{"line":75,"column":18},"end":{"line":76,"column":44}}]},"11":{"line":75,"type":"cond-expr","locations":[{"start":{"line":75,"column":48},"end":{"line":75,"column":67}},{"start":{"line":76,"column":18},"end":{"line":76,"column":44}}]},"12":{"line":81,"type":"cond-expr","locations":[{"start":{"line":81,"column":20},"end":{"line":81,"column":26}},{"start":{"line":81,"column":29},"end":{"line":81,"column":30}}]},"13":{"line":102,"type":"binary-expr","locations":[{"start":{"line":102,"column":30},"end":{"line":102,"column":35}},{"start":{"line":102,"column":39},"end":{"line":102,"column":40}}]},"14":{"line":107,"type":"cond-expr","locations":[{"start":{"line":107,"column":33},"end":{"line":107,"column":37}},{"start":{"line":107,"column":40},"end":{"line":107,"column":83}}]},"15":{"line":107,"type":"binary-expr","locations":[{"start":{"line":107,"column":15},"end":{"line":107,"column":20}},{"start":{"line":107,"column":24},"end":{"line":107,"column":30}}]},"16":{"line":107,"type":"binary-expr","locations":[{"start":{"line":107,"column":40},"end":{"line":107,"column":75}},{"start":{"line":107,"column":79},"end":{"line":107,"column":83}}]},"17":{"line":115,"type":"cond-expr","locations":[{"start":{"line":115,"column":24},"end":{"line":115,"column":43}},{"start":{"line":115,"column":46},"end":{"line":115,"column":67}}]},"18":{"line":125,"type":"cond-expr","locations":[{"start":{"line":125,"column":113},"end":{"line":125,"column":114}},{"start":{"line":125,"column":117},"end":{"line":125,"column":118}}]},"19":{"line":146,"type":"cond-expr","locations":[{"start":{"line":146,"column":72},"end":{"line":146,"column":73}},{"start":{"line":146,"column":76},"end":{"line":146,"column":77}}]},"20":{"line":152,"type":"cond-expr","locations":[{"start":{"line":152,"column":44},"end":{"line":152,"column":46}},{"start":{"line":152,"column":49},"end":{"line":152,"column":65}}]},"21":{"line":152,"type":"binary-expr","locations":[{"start":{"line":152,"column":24},"end":{"line":152,"column":32}},{"start":{"line":152,"column":36},"end":{"line":152,"column":41}}]},"22":{"line":152,"type":"binary-expr","locations":[{"start":{"line":152,"column":49},"end":{"line":152,"column":56}},{"start":{"line":152,"column":60},"end":{"line":152,"column":65}}]},"23":{"line":163,"type":"cond-expr","locations":[{"start":{"line":163,"column":55},"end":{"line":163,"column":59}},{"start":{"line":163,"column":62},"end":{"line":163,"column":66}}]},"24":{"line":172,"type":"if","locations":[{"start":{"line":172,"column":8},"end":{"line":172,"column":8}},{"start":{"line":172,"column":8},"end":{"line":172,"column":8}}]},"25":{"line":174,"type":"if","locations":[{"start":{"line":174,"column":8},"end":{"line":174,"column":8}},{"start":{"line":174,"column":8},"end":{"line":174,"column":8}}]},"26":{"line":181,"type":"binary-expr","locations":[{"start":{"line":181,"column":30},"end":{"line":181,"column":40}},{"start":{"line":181,"column":44},"end":{"line":181,"column":46}}]},"27":{"line":215,"type":"cond-expr","locations":[{"start":{"line":215,"column":26},"end":{"line":215,"column":29}},{"start":{"line":215,"column":32},"end":{"line":215,"column":35}}]},"28":{"line":234,"type":"binary-expr","locations":[{"start":{"line":234,"column":30},"end":{"line":234,"column":53}},{"start":{"line":234,"column":57},"end":{"line":234,"column":58}}]},"29":{"line":245,"type":"cond-expr","locations":[{"start":{"line":245,"column":33},"end":{"line":245,"column":34}},{"start":{"line":245,"column":37},"end":{"line":245,"column":55}}]},"30":{"line":246,"type":"cond-expr","locations":[{"start":{"line":246,"column":42},"end":{"line":246,"column":45}},{"start":{"line":246,"column":48},"end":{"line":246,"column":56}}]},"31":{"line":247,"type":"cond-expr","locations":[{"start":{"line":247,"column":50},"end":{"line":247,"column":53}},{"start":{"line":247,"column":56},"end":{"line":247,"column":68}}]},"32":{"line":249,"type":"cond-expr","locations":[{"start":{"line":249,"column":28},"end":{"line":249,"column":31}},{"start":{"line":249,"column":34},"end":{"line":249,"column":36}}]},"33":{"line":250,"type":"binary-expr","locations":[{"start":{"line":250,"column":22},"end":{"line":250,"column":29}},{"start":{"line":250,"column":33},"end":{"line":250,"column":34}}]},"34":{"line":253,"type":"cond-expr","locations":[{"start":{"line":253,"column":33},"end":{"line":253,"column":51}},{"start":{"line":253,"column":54},"end":{"line":253,"column":55}}]},"35":{"line":255,"type":"cond-expr","locations":[{"start":{"line":255,"column":23},"end":{"line":255,"column":58}},{"start":{"line":255,"column":61},"end":{"line":255,"column":63}}]},"36":{"line":255,"type":"cond-expr","locations":[{"start":{"line":255,"column":146},"end":{"line":255,"column":210}},{"start":{"line":255,"column":213},"end":{"line":255,"column":215}}]},"37":{"line":270,"type":"cond-expr","locations":[{"start":{"line":270,"column":44},"end":{"line":270,"column":59}},{"start":{"line":270,"column":62},"end":{"line":270,"column":71}}]},"38":{"line":271,"type":"cond-expr","locations":[{"start":{"line":271,"column":38},"end":{"line":271,"column":45}},{"start":{"line":271,"column":48},"end":{"line":271,"column":54}}]},"39":{"line":277,"type":"if","locations":[{"start":{"line":277,"column":4},"end":{"line":277,"column":4}},{"start":{"line":277,"column":4},"end":{"line":277,"column":4}}]},"40":{"line":277,"type":"binary-expr","locations":[{"start":{"line":277,"column":8},"end":{"line":277,"column":25}},{"start":{"line":277,"column":29},"end":{"line":277,"column":56}}]},"41":{"line":279,"type":"if","locations":[{"start":{"line":279,"column":11},"end":{"line":279,"column":11}},{"start":{"line":279,"column":11},"end":{"line":279,"column":11}}]},"42":{"line":279,"type":"binary-expr","locations":[{"start":{"line":279,"column":15},"end":{"line":279,"column":33}},{"start":{"line":279,"column":37},"end":{"line":279,"column":63}}]},"43":{"line":281,"type":"if","locations":[{"start":{"line":281,"column":11},"end":{"line":281,"column":11}},{"start":{"line":281,"column":11},"end":{"line":281,"column":11}}]},"44":{"line":281,"type":"binary-expr","locations":[{"start":{"line":281,"
[...]
sitive', function() {","      humanize.numberFormat(number, -3).should.equal(humanize.numberFormat(number, 3));","    });","","    it('should be able to change the decimal point to a different string', function() {","      humanize.numberFormat(number, 3, 'P').should.equal('1,234,567P123');","      humanize.numberFormat(number, 3, ',').should.equal('1,234,567,123');","      humanize.numberFormat(number, 3, 'what?').should.equal('1,234,567what?123');","    });","","    it('should be able to change the thousands separator to a different string', function() {","      humanize.numberFormat(number, 3, '.', '.').should.equal('1.234.567.123');","      humanize.numberFormat(number, 3, ',', '.').should.equal('1.234.567,123');","      humanize.numberFormat(number, 3, '.', 'huh?').should.equal('1huh?234huh?567.123');","    });","  });","","  describe('#naturalDay', function() {","    var d = new Date();","    var today = (new Date(d.getFullYear(), d.getMonth(), d.getDate())).getTime() / 1000;","","    it('should return today when using today', function() {","      humanize.naturalDay(today).should.equal('today');","      humanize.naturalDay(today + 43200).should.equal('today');","      humanize.naturalDay(today + 86399).should.equal('today');","    });","","    it('should return yesterday when using yesterday', function() {","      humanize.naturalDay(today - 1).should.equal('yesterday');","      humanize.naturalDay(today - 43200).should.equal('yesterday');","      humanize.naturalDay(today - 86400).should.equal('yesterday');","    });","","    it('should return tomorrow when using tomorrow', function() {","      humanize.naturalDay(today + 86400).should.equal('tomorrow');","      humanize.naturalDay(today + 86400 + 43200).should.equal('tomorrow');","      humanize.naturalDay(today + 86400 + 86399).should.equal('tomorrow');","    });","","    it('should return date when before yesterday with default formatting', function() {","      humanize.naturalDay(today - 86401).should.equal(humanize.date('Y-m-d', today - 86401));","      humanize.naturalDay(today - 86411).should.equal(humanize.date('Y-m-d', today - 86411));","      humanize.naturalDay(today - (2 * 86401)).should.equal(humanize.date('Y-m-d', today - (2 * 86401)));","    });","","    it('should return date when before yesterday with custom formatting', function() {","      humanize.naturalDay(today - 86401, 'h:i:s').should.equal(humanize.date('h:i:s', today - 86401));","      humanize.naturalDay(today - 86401, 'l F j, Y h:i:s').should.equal(humanize.date('l F j, Y h:i:s', today - 86401));","    });","","    it('should return date when after tomorrow', function() {","      humanize.naturalDay(today + 86400 + 86401).should.equal(humanize.date('Y-m-d', today + 86400 + 86401));","      humanize.naturalDay(today + 86400 + 86411).should.equal(humanize.date('Y-m-d', today + 86400 + 86411));","      humanize.naturalDay(today + (2 * 86401)).should.equal(humanize.date('Y-m-d', today + (2 * 86401)));","    });","","    it('should return date when before tomorrow with custom formatting', function() {","      humanize.naturalDay(today + 86400 + 86401, 'h:i:s').should.equal(humanize.date('h:i:s', today + 86400 + 86401));","      humanize.naturalDay(today + 86400 + 86401, 'l F j, Y h:i:s').should.equal(humanize.date('l F j, Y h:i:s', today + 86400 + 86401));","    });","  });","","  describe('#relativeTime', function() {","    it('should return just now for anything within 2 seconds', function() {","      humanize.relativeTime(humanize.time() - 1).should.equal('just now');","      humanize.relativeTime(humanize.time() - .5).should.equal('just now');","      humanize.relativeTime(humanize.time()).should.equal('just now');","      humanize.relativeTime(humanize.time() + .5).should.equal('now');","      humanize.relativeTime(humanize.time() + 1).should.equal('now');","    });","","    it('should return (in) X seconds (ago) for anything between 2 seconds and 59 seconds inclusive', function() {","      humanize.relativeTime(humanize.time() - 59).should.equal('59 seconds ago');","      humanize.relativeTime(humanize.time() - 37).should.equal('37 seconds ago');","      humanize.relativeTime(humanize.time() - 37.3).should.equal('37 seconds ago');","      humanize.relativeTime(humanize.time() - 2).should.equal('2 seconds ago');","      humanize.relativeTime(humanize.time() + 2).should.equal('in 2 seconds');","      humanize.relativeTime(humanize.time() + 22).should.equal('in 22 seconds');","      humanize.relativeTime(humanize.time() + 22.7).should.equal('in 22 seconds');","      humanize.relativeTime(humanize.time() + 59).should.equal('in 59 seconds');","    });","","    it('should return (in) about a minute (ago) for anything between 1 minute (inclusive) and 2 minutes (exclusive)', function() {","      humanize.relativeTime(humanize.time() - 119).should.equal('about a minute ago');","      humanize.relativeTime(humanize.time() - 73).should.equal('about a minute ago');","      humanize.relativeTime(humanize.time() - 60).should.equal('about a minute ago');","      humanize.relativeTime(humanize.time() + 60).should.equal('in about a minute');","      humanize.relativeTime(humanize.time() + 90).should.equal('in about a minute');","      humanize.relativeTime(humanize.time() + 119).should.equal('in about a minute');","    });","","    it('should return (in) X minutes (ago) for anything between 2 minutes (inclusive) and 60 minutes (exclusive)', function() {","      humanize.relativeTime(humanize.time() - 59*60 - 59).should.equal('59 minutes ago');","      humanize.relativeTime(humanize.time() - 59*60 - 10).should.equal('59 minutes ago');","      humanize.relativeTime(humanize.time() - 33*60 - 17).should.equal('33 minutes ago');","      humanize.relativeTime(humanize.time() - 33*60 - 35).should.equal('33 minutes ago');","      humanize.relativeTime(humanize.time() - 120).should.equal('2 minutes ago');","      humanize.relativeTime(humanize.time() + 120).should.equal('in 2 minutes');","      humanize.relativeTime(humanize.time() + 24*60 + 17).should.equal('in 24 minutes');","      humanize.relativeTime(humanize.time() + 47*60 + 35).should.equal('in 47 minutes');","      humanize.relativeTime(humanize.time() + 59*60 + 16).should.equal('in 59 minutes');","      humanize.relativeTime(humanize.time() + 59*60 + 59).should.equal('in 59 minutes');","    });","","    it('should return (in) about an hour (ago) for anything between 1 hour (inclusive) and 2 hours (exclusive)', function() {","      humanize.relativeTime(humanize.time() - 7199).should.equal('about an hour ago');","      humanize.relativeTime(humanize.time() - 3601).should.equal('about an hour ago');","      humanize.relativeTime(humanize.time() - 3600).should.equal('about an hour ago');","      humanize.relativeTime(humanize.time() + 3600).should.equal('in about an hour');","      humanize.relativeTime(humanize.time() + 5974).should.equal('in about an hour');","      humanize.relativeTime(humanize.time() + 7199).should.equal('in about an hour');","    });","","    it('should return (in) X hours (ago) for anything between 2 hours (inclusive) and 24 hours (exclusive)', function() {","      humanize.relativeTime(humanize.time() - 86399).should.equal('23 hours ago');","      humanize.relativeTime(humanize.time() - (3*3600 + 56)).should.equal('3 hours ago');","      humanize.relativeTime(humanize.time() - (15*3600 + 3599)).should.equal('15 hours ago');","      humanize.relativeTime(humanize.time() - 7200).should.equal('2 hours ago');","      humanize.relativeTime(humanize.time() + 7200).should.equal('in 2 hours');","      humanize.relativeTime(humanize.time() + (10*3600 + 997)).should.equal('in 10 hours');","      humanize.relativeTime(humanize.time() + (15*3600 + 3599)).should.equal('in 15 hours');","      humanize.relativeTime(humanize.time() + 86399).should.equal('in 23 hours');","    });","","    it('should return (in) X day(s) (ago) for anything between 1 day (inclusive) and 29 days (exclusive)', function() {","      humanize.relativeTime(humanize.time() - (29*86400 - 1)).should.equal('28 days ago');","      humanize.relativeTime(humanize.time() - (2*86400)).should.equal('2 days ago');","      humanize.relativeTime(humanize.time() - (2*86400 - 1)).should.equal('1 day ago');","      humanize.relativeTime(humanize.time() - 86400).should.equal('1 day ago');","      humanize.relativeTime(humanize.time() + 86400).should.equal('in 1 day');","      humanize.relativeTime(humanize.time() + (2*86400)).should.equal('in 2 days');","      humanize.relativeTime(humanize.time() + (29*86400 - 1)).should.equal('in 28 days');","    });","","    it('should return (in) about a month (ago) for anything between 28 days (inclusive) to 60 days (exclusive)', function() {","      humanize.relativeTime(humanize.time() - (60*86400 - 1)).should.equal('about a month ago');","      humanize.relativeTime(humanize.time() - (29*86400)).should.equal('about a month ago');","      humanize.relativeTime(humanize.time() + (29*86400)).should.equal('in about a month');","      humanize.relativeTime(humanize.time() + (60*86400 - 1)).should.equal('in about a month');","    });","","    it('should return (in) X months (ago) using month arithmetic', function() {","      humanize.relativeTime(humanize.time() - (60*86400)).should.equal('2 months ago');","      humanize.relativeTime(humanize.time() + (60*86400)).should.equal('in 2 months');","","      var d = new Date();","      var monthsAgo4 = (new Date(d.getFullYear(), d.getMonth() - 4, d.getDate())).getTime() / 1000;","      humanize.relativeTime(monthsAgo4).should.equal('4 months ago');","","      var monthsFuture4 = (new Date(d.getFullYear(), d.getMonth() + 4, d.getDate())).getTime() / 1000;","      humanize.relativeTime(monthsFuture4).should.equal('in 4 months');","","      var monthsAgo11 = (new Date(d.getFullYear(), d.getMonth() - 11, d.getDate())).getTime() / 1000;","      humanize.relativeTime(monthsAgo11).should.equal('11 months ago');","","      var monthsFuture11 = (new Date(d.getFullYear(), d.getMonth() + 11, d.getDate())).getTime() / 1000;","      humanize.relativeTime(monthsFuture11).should.equal('in 11 months');","    });","","    it('should return (in) X year(s) (ago) for anything over a year via year arithmetic', function() {","      var d = new Date();","      var yearsAgo1 = (new Date(d.getFullYear() - 1, d.getMonth(), d.getDate())).getTime() / 1000;","      humanize.relativeTime(yearsAgo1).should.equal('a year ago');","","      var yearsFuture1 = (new Date(d.getFullYear() + 1, d.getMonth(), d.getDate())).getTime() / 1000;","      humanize.relativeTime(yearsFuture1).should.equal('in a year');","","      var june1 = (new Date(d.getFullYear(), 5, 1));","","      var yearsAgo2 = (new Date(june1.getFullYear() - 2, june1.getMonth() + 6, june1.getDate() + 19)).getTime() / 1000;","      humanize.relativeTime(yearsAgo2).should.equal('2 years ago');","","      var wrapToYearsAgo1 = (new Date(june1.getFullYear() - 2, june1.getMonth() + 7, june1.getDate() + 19)).getTime() / 1000;","      humanize.relativeTime(wrapToYearsAgo1).should.equal('a year ago');","","      var yearsFuture2 = (new Date(june1.getFullYear() + 2, june1.getMonth() + 6, june1.getDate() + 19)).getTime() / 1000;","      humanize.relativeTime(yearsFuture2).should.equal('in 2 years');","","      var wrapToYearsFuture1 = (new Date(june1.getFullYear() + 2, june1.getMonth() - 7, june1.getDate() + 19)).getTime() / 1000;","      humanize.relativeTime(wrapToYearsFuture1).should.equal('in a year');","","    });","","  });","","  describe('#ordinal', function() {","    it('should be able to return the correct ordinal string', function() {","      var tests = {","        0: '0th',","        1: '1st',","        2: '2nd',","        3: '3rd',","        4: '4th',","        5: '5th',","        11: '11th',","        12: '12th',","        13: '13th',","        21: '21st',","        31: '31st',","        32: '32nd',","        43: '43rd',","        '87 Street': '87th',","        '223 APT 23': '223rd',","        'APT': '0th',","        '-1': '-1st',","        '-2': '-2nd',","        '-3': '-3rd',","        112: '112th'","      };","","      for (var num in tests) {","        humanize.ordinal(num).should.equal(tests[num]);","      }","    });","  });","","","  describe('#filesize', function() {","    it('should be able to use the defaults properly', function() {","      humanize.filesize(12).should.equal('12 bytes');","      humanize.filesize(1021).should.equal('1,021 bytes');","      humanize.filesize(1024).should.equal('1.00 KB');","","      humanize.filesize(Math.pow(1024, 2)).should.equal('1.00 MB');","      humanize.filesize(Math.pow(1024, 3)).should.equal('1.00 GB');","      humanize.filesize(Math.pow(1024, 4)).should.equal('1.00 TB');","      humanize.filesize(Math.pow(1024, 5)).should.equal('1.00 PB');","      humanize.filesize(Math.pow(1024, 6)).should.equal('1,024.00 PB');","      humanize.filesize(1234567890).should.equal('1.15 GB');","    });","","    it('should be able to change kilo to a different value', function() {","      humanize.filesize(12, 1000).should.equal('12 bytes');","      humanize.filesize(1021, 1000).should.equal('1.02 KB');","      humanize.filesize(1024, 1000).should.equal('1.02 KB');","      humanize.filesize(Math.pow(1024, 2), 1000).should.equal('1.05 MB');","      humanize.filesize(Math.pow(1024, 3), 1000).should.equal('1.07 GB');","      humanize.filesize(Math.pow(1024, 4), 1000).should.equal('1.10 TB');","      humanize.filesize(Math.pow(1024, 5), 1000).should.equal('1.13 PB');","      humanize.filesize(Math.pow(1024, 6), 1000).should.equal('1,152.92 PB');","      humanize.filesize(1234567890, 1000).should.equal('1.23 GB');","    });","  });","","","  describe('#intword', function() {","    it('should be able to use the defaults properly', function() {","      humanize.intword(12).should.equal('12.00');","      humanize.intword(999).should.equal('999.00');","      humanize.intword(1001).should.equal('1.00K');","","      humanize.intword(Math.pow(1000, 2)).should.equal('1.00M');","      humanize.intword(Math.pow(1000, 3)).should.equal('1.00B');","      humanize.intword(Math.pow(1000, 4)).should.equal('1.00T');","      humanize.intword(1234567890).should.equal('1.23B');","    });","","    it('should be able to change units or kilo to a different value', function() {","      var units = ['ones', 'thousands', 'millions', 'billions', 'trillions'];","      humanize.intword(12, units, 1000, 0, '.', ',', ' ').should.equal('12 ones');","      humanize.intword(999, units, 1000, 0, '.', ',', ' ').should.equal('999 ones');","      humanize.intword(1024, units, 1000, 0, '.', ',', ' ').should.equal('1 thousands');","      humanize.intword(Math.pow(1000, 2), units, 1000, 0, '.', ',', ' ').should.equal('1 millions');","      humanize.intword(Math.pow(1000, 3), units, 1000, 0, '.', ',', ' ').should.equal('1 billions');","      humanize.intword(Math.pow(1000, 4), units, 1000, 0, '.', ',', ' ').should.equal('1 trillions');","      humanize.intword(1234567890, units, 1000, 0, '.', ',', ' ').should.equal('1 billions');","    });","  });","","","  describe('#linebreaks', function() {","    it('should wrap the string with <p> tags', function() {","      humanize.linebreaks('').should.equal('<p></p>');","    });","","    it('should remove new lines at beginning and end', function() {","      humanize.linebreaks(\"Foo\\n\\nBar\\n\\n\\n\").should.equal('<p>Foo</p><p>Bar</p>');","      humanize.linebreaks(\"\\n\\r\\n\\rFoo\\n\\nBar\").should.equal('<p>Foo</p><p>Bar</p>');","    });","","    it('should change all new lines into <br> tags', function() {","      humanize.linebreaks(\"Foo\\nBar\").should.equal('<p>Foo<br />Bar</p>');","      humanize.linebreaks(\"Foo\\nBar\\r\\nBlah\").should.equal('<p>Foo<br />Bar<br />Blah</p>');","    });","","    it('should change all multi-new lines into <p> tags', function() {","      humanize.linebreaks(\"Foo\\n\\nBar\").should.equal('<p>Foo</p><p>Bar</p>');","      humanize.linebreaks(\"Foo\\n\\n\\nBar\").should.equal('<p>Foo</p><p>Bar</p>');","      humanize.linebreaks(\"Foo\\n\\n\\r\\nBar\").should.equal('<p>Foo</p><p>Bar</p>');","      humanize.linebreaks(\"Foo\\n\\n\\r\\n\\rBar\").should.equal('<p>Foo</p><p>Bar</p>');","    });","  });","","  describe('#nl2br', function() {","    it('should change any type of new line into a <br />', function() {","      humanize.nl2br('').should.equal('');","      humanize.nl2br(\"\\n\").should.equal('<br />');","      humanize.nl2br(\"\\r\").should.equal('<br />');","      humanize.nl2br(\"\\r\\n\").should.equal('<br />');","      humanize.nl2br(\"Foo\\nBar\").should.equal('Foo<br />Bar');","      humanize.nl2br(\"\\r\\nFoo\\nBar\\n\").should.equal('<br />Foo<br />Bar<br />');","      humanize.nl2br(\"\\r\\r\\n\\nFoo\\nBar\\n\\n\\r\\n\\r\").should.equal('<br /><br /><br />Foo<br />Bar<br /><br /><br /><br />');","    });","  });","","  describe('#truncatechars', function() {","    it('should be able to truncate characters properly', function() {","      humanize.truncatechars('foobar', 0).should.equal('…');","      humanize.truncatechars('foobar', 1).should.equal('f…');","      humanize.truncatechars('foobar', 2).should.equal('fo…');","      humanize.truncatechars('foobar', 3).should.equal('foo…');","      humanize.truncatechars('foobar', 4).should.equal('foob…');","    });","  });","","  describe('#truncatewords', function() {","    it('should be able to truncate words properly', function() {","      humanize.truncatewords('a b c d e', 0).should.equal('…');","      humanize.truncatewords('a b c d e', 1).should.equal('a…');","      humanize.truncatewords('a b c d e', 2).should.equal('a b…');","      humanize.truncatewords('a b c d e', 3).should.equal('a b c…');","      humanize.truncatewords('a b c d e', 4).should.equal('a b c d…');","    });","  });","","","","});",""],"l":{"1":2,"2":0,"3":0,"5":0,"7":0,"8":0,"9":0,"10":0,"11":0,"14":0,"15":0,"16":0,"17":0,"22":0,"23":0,"25":0,"29":0,"30":0,"32":0,"33":0,"34":0,"35":0,"36":0,"37":0,"40":0,"41":0,"42":0,"43":0,"44":0,"45":0,"48":0,"49":0,"50":0,"51":0,"52":0,"60":0,"61":0,"62":0,"63":0,"64":0,"67":0,"68":0,"69":0,"70":0,"71":0,"72":0,"73":0,"74":0,"75":0,"77":0,"78":0,"79":0,"80":0,"81":0,"82":0,"83":0,"84":0,"87":0,"88":0,"91":0,"92":0,"93":0,"94":0,"97":0,"98":0,"99":0,"100":0,"104":0,"105":0,"106":0,"108":0,"109":0,"110":0,"111":0,"114":0,"115":0,"116":0,"117":0,"120":0,"121":0,"122":0,"123":0,"126":0,"127":0,"128":0,"129":0,"132":0,"133":0,"134":0,"137":0,"138":0,"139":0,"140":0,"143":0,"144":0,"145":0,"149":0,"150":0,"151":0,"152":0,"153":0,"154":0,"155":0,"158":0,"159":0,"160":0,"161":0,"162":0,"163":0,"164":0,"165":0,"166":0,"169":0,"170":0,"171":0,"172":0,"173":0,"174":0,"175":0,"178":0,"179":0,"180":0,"181":0,"182":0,"183":0,"184":0,"185":0,"186":0,"187":0,"188":0,"191":0,"192":0,"193":0,"194":0,"195":0,"196":0,"197":0,"200":0,"201":0,"202":0,"203":0,"204":0,"205":0,"206":0,"207":0,"208":0,"211":0,"212":0,"213":0,"214":0,"215":0,"216":0,"217":0,"218":0,"221":0,"222":0,"223":0,"224":0,"225":0,"228":0,"229":0,"230":0,"232":0,"233":0,"234":0,"236":0,"237":0,"239":0,"240":0,"242":0,"243":0,"246":0,"247":0,"248":0,"249":0,"251":0,"252":0,"254":0,"256":0,"257":0,"259":0,"260":0,"262":0,"263":0,"265":0,"266":0,"272":0,"273":0,"274":0,"297":0,"298":0,"304":0,"305":0,"306":0,"307":0,"308":0,"310":0,"311":0,"312":0,"313":0,"314":0,"315":0,"318":0,"319":0,"320":0,"321":0,"322":0,"323":0,"324":0,"325":0,"326":0,"327":0,"332":0,"333":0,"334":0,"335":0,"336":0,"338":0,"339":0,"340":0,"341":0,"344":0,"345":0,"346":0,"347":0,"348":0,"349":0,"350":0,"351":0,"352":0,"357":0,"358":0,"359":0,"362":0,"363":0,"364":0,"367":0,"368":0,"369":0,"372":0,"373":0,"374":0,"375":0,"376":0,"380":0,"381":0,"382":0,"383":0,"384":0,"385":0,"386":0,"387":0,"388":0,"392":0,"393":0,"394":0,"395":0,"396":0,"397":0,"398":0,"402":0,"403":0,"404":0,"405":0,"406":0,"407":0,"408":0}}}